[10:53:52][PluginLoader][INFO] No plugins found.
[10:53:52][ProcessManager][WARNING] Failed to read PIDs: pid-list.txt (Systém nemůže nalézt uvedený soubor)
[10:53:52][NATTCore][INFO] NATT CORE initialization done
Version: 1.7.0 
Configuration path: https://gitlab.com/ap5vs/test-config/im-server-config/-/raw/main/test-config-4.yaml?ref_type=heads
Configuration loading mode: FROM URL
[10:53:52][NATTCore][INFO] Working directory path: C:\Users\grajc\Documents\GitHub\IM-Server
[10:53:52][NATTCore][INFO] Start loading of the configuration file ...
[10:53:53][NetworkIO][INFO] Yaml data has been loaded from network location (https://gitlab.com/ap5vs/test-config/im-server-config/-/raw/main/test-config-4.yaml?ref_type=heads)
[10:53:53][NATTCore][INFO] Configuration loading done
[10:53:53][NATTCore][INFO] Start building test structure according to the configuration ...
[10:53:53][NATTCore][INFO] Test structure ...
[10:53:53][NATTCore][INFO] Test structure building done
[10:53:53][NATTCore][INFO] Start test executing ...
[10:53:53][TestReportGenerator][INFO] Extenet reports generated. Final report will be saved to file: test_report.html
[10:53:53][NATTCore][INFO] Starts execution on the root keyword  ...
[10:53:53][MessageBuffer][INFO] Message buffer created for module with name: default
[10:53:53][ExternalProgramRunner][INFO] (default) Run external app with command: java -jar app/build/libs/app.jar 9999 10
[10:53:53][ProcessManager][INFO] New PID (4508) added to file
[10:53:53][WaitKw][INFO] Waiting: 3000 ms
[10:53:53][MessageBuffer][INFO] Message added to buffer [ Mod: default | Tag:  ] Content: 'IM server listening on port 9999, maximum nr. of connections=10...'
[10:53:56][MessageBuffer][INFO] Message buffer created for module with name: client-1
[10:53:56][TelnetClient][INFO] (client-1) Telnet client connected to host with the address: 'localhost' on port '9999'
[10:53:56][MessageBuffer][INFO] Message buffer created for module with name: client-2
[10:53:56][TelnetClient][INFO] (client-2) Telnet client connected to host with the address: 'localhost' on port '9999'
[10:53:56][MessageBuffer][INFO] Message buffer created for module with name: client-3
[10:53:56][TelnetClient][INFO] (client-3) Telnet client connected to host with the address: 'localhost' on port '9999'
[10:53:56][WaitKw][INFO] Waiting: 2000 ms
[10:53:56][MessageBuffer][INFO] Message added to buffer [ Mod: client-2 | Tag:  ] Content: ''
[10:53:56][MessageBuffer][INFO] Message added to buffer [ Mod: client-3 | Tag:  ] Content: ''
[10:53:56][MessageBuffer][INFO] Message added to buffer [ Mod: client-1 | Tag:  ] Content: ''
[10:53:56][MessageBuffer][INFO] Message added to buffer [ Mod: client-2 | Tag:  ] Content: 'You are connected from /127.0.0.1:56934'
[10:53:56][MessageBuffer][INFO] Message added to buffer [ Mod: client-3 | Tag:  ] Content: 'You are connected from /127.0.0.1:56935'
[10:53:56][MessageBuffer][INFO] Message added to buffer [ Mod: client-1 | Tag:  ] Content: 'You are connected from /127.0.0.1:56933'
[10:53:58][TelnetClient][INFO] (client-1) Message send: Klient1
[10:53:58][TelnetClient][INFO] (client-2) Message send: Klient2
[10:53:58][TelnetClient][INFO] (client-3) Message send: Klient3
[10:53:58][WaitKw][INFO] Waiting: 800 ms
[10:53:59][TestSuiteKw][INFO] Test case 'Zaklaní test komunikace 1' starts executing now
[10:53:59][TelnetClient][INFO] (client-1) Message send: Hello, world!
[10:53:59][WaitKw][INFO] Waiting: 1000 ms
[10:54:00][AssertEqualsKw][WARNING] Assertion failed. True was expected as the result. Condition: (Value of variable 'You are connected from /127.0.0.1:56934' must contains expected text '[Klient1] >> Hello, world!')
[10:54:00][AssertEqualsKw][WARNING] Assertion failed. True was expected as the result. Condition: (Value of variable 'You are connected from /127.0.0.1:56935' must contains expected text '[Klient1] >> Hello, world!')
[10:54:00][TestSuiteKw][ERROR] Test suite 'Testování běžné komunikace' - Test case 'Zaklaní test komunikace 1' failed
[10:54:00][MessageBuffer][INFO] Message buffer cleared
[10:54:00][TestSuiteKw][INFO] Test case 'Zaklaní test komunikace 2' starts executing now
[10:54:00][TelnetClient][INFO] (client-1) Message send: Testing 123
[10:54:00][TelnetClient][INFO] (client-2) Message send: 12345 - 67890
[10:54:00][TelnetClient][INFO] (client-3) Message send: This is a test message
[10:54:00][WaitKw][INFO] Waiting: 1000 ms
[10:54:01][NATTContext][INFO] Data has been stored in to the variable 'var-1'. Data value: 
[10:54:01][AssertEqualsKw][WARNING] Assertion failed. True was expected as the result. Condition: (Value of variable '' must equals expected text '[Klient2] >> 12345 - 67890')
[10:54:01][NATTContext][INFO] Data has been stored in to the variable 'var-1'. Data value: 
[10:54:01][AssertEqualsKw][WARNING] Assertion failed. True was expected as the result. Condition: (Value of variable '' must contains expected text '[Klient3] >> This is a test message')
[10:54:01][NATTContext][INFO] Data has been stored in to the variable 'var-1'. Data value: 
[10:54:01][AssertEqualsKw][WARNING] Assertion failed. True was expected as the result. Condition: (Value of variable '' must contains expected text '[Klient1] >> Testing 123')
[10:54:01][TestSuiteKw][ERROR] Test suite 'Testování běžné komunikace' - Test case 'Zaklaní test komunikace 2' failed
[10:54:02][MessageBuffer][INFO] Message buffer cleared
[10:54:02][TestSuiteKw][INFO] Test case 'Test odeslání soukromé zprávy' starts executing now
[10:54:02][TelnetClient][INFO] (client-2) Message send: #sendPrivate Klient3 This is a private message
[10:54:02][WaitKw][INFO] Waiting: 1000 ms
[10:54:02][MessageBuffer][INFO] Message added to buffer [ Mod: client-2 | Tag:  ] Content: 'Unknown command: #sendPrivate'
[10:54:03][NATTContext][INFO] Data has been stored in to the variable 'var-1'. Data value: 
[10:54:03][NATTContext][INFO] Data has been stored in to the variable 'var-2'. Data value: 
[10:54:03][AssertEqualsKw][WARNING] Assertion failed. True was expected as the result. Condition: (Value of variable '' must contains expected text '[Klient2] >> This is a private message')
[10:54:03][TestSuiteKw][ERROR] Test suite 'Testování běžné komunikace' - Test case 'Test odeslání soukromé zprávy' failed
[10:54:03][MessageBuffer][INFO] Message buffer cleared
[10:54:04][MessageBuffer][INFO] Message buffer cleared
[10:54:04][TestSuiteKw][INFO] Test case 'Test vstoupení do diskuzní místnosti' starts executing now
[10:54:04][TelnetClient][INFO] (client-1) Message send: #join MyGroup1
[10:54:04][MessageBuffer][INFO] Message added to buffer [ Mod: client-1 | Tag:  ] Content: 'Unknown command: #join'
[10:54:04][TelnetClient][INFO] (client-2) Message send: #join MyGroup1
[10:54:04][MessageBuffer][INFO] Message added to buffer [ Mod: client-2 | Tag:  ] Content: 'Unknown command: #join'
[10:54:04][WaitKw][INFO] Waiting: 1000 ms
[10:54:05][TelnetClient][INFO] (client-1) Message send: #groups
[10:54:05][WaitKw][INFO] Waiting: 1000 ms
[10:54:05][MessageBuffer][INFO] Message added to buffer [ Mod: client-1 | Tag:  ] Content: 'Groups: '
[10:54:06][AssertEqualsKw][WARNING] Assertion failed. True was expected as the result. Condition: (Value of variable 'Groups: ' must contains expected text 'MyGroup1')
[10:54:06][TelnetClient][INFO] (client-1) Message send: #leave public
[10:54:06][MessageBuffer][INFO] Message added to buffer [ Mod: client-1 | Tag:  ] Content: 'Unknown command: #leave'
[10:54:06][TelnetClient][INFO] (client-2) Message send: #leave public
[10:54:06][MessageBuffer][INFO] Message added to buffer [ Mod: client-2 | Tag:  ] Content: 'Unknown command: #leave'
[10:54:06][WaitKw][INFO] Waiting: 1000 ms
[10:54:07][TelnetClient][INFO] (client-1) Message send: #groups
[10:54:07][WaitKw][INFO] Waiting: 1000 ms
[10:54:07][MessageBuffer][INFO] Message added to buffer [ Mod: client-1 | Tag:  ] Content: 'Groups: '
[10:54:08][TestSuiteKw][ERROR] Test suite 'Testování diskuzních místností' - Test case 'Test vstoupení do diskuzní místnosti' failed
[10:54:08][MessageBuffer][INFO] Message buffer cleared
[10:54:09][TestSuiteKw][INFO] Test case 'Test komunikace v diskuzní místnosti' starts executing now
[10:54:09][TelnetClient][INFO] (client-1) Message send: This is private message
[10:54:09][WaitKw][INFO] Waiting: 1000 ms
[10:54:10][AssertEqualsKw][WARNING] Assertion failed. True was expected as the result. Condition: (Value of variable 'Unknown command: #leave' must contains expected text 'This is private message')
[10:54:10][TelnetClient][INFO] (client-3) Message send: #join MyGroup1
[10:54:10][WaitKw][INFO] Waiting: 1000 ms
[10:54:10][MessageBuffer][INFO] Message added to buffer [ Mod: client-3 | Tag:  ] Content: 'Unknown command: #join'
[10:54:11][TelnetClient][INFO] (client-1) Message send: This is private message
[10:54:11][WaitKw][INFO] Waiting: 1000 ms
[10:54:12][AssertEqualsKw][WARNING] Assertion failed. True was expected as the result. Condition: (Value of variable 'Unknown command: #join' must contains expected text 'This is private message')
[10:54:12][TestSuiteKw][ERROR] Test suite 'Testování diskuzních místností' - Test case 'Test komunikace v diskuzní místnosti' failed
[10:54:12][MessageBuffer][INFO] Message buffer cleared
[10:54:13][MessageBuffer][INFO] Message buffer cleared
[10:54:13][TestSuiteKw][INFO] Test case 'Test změny jména' starts executing now
[10:54:13][TelnetClient][INFO] (client-1) Message send: #setMyName NoveJmeno1
[10:54:13][WaitKw][INFO] Waiting: 1000 ms
[10:54:13][MessageBuffer][INFO] Message added to buffer [ Mod: client-1 | Tag:  ] Content: 'Unknown command: #setMyName'
[10:54:14][TelnetClient][INFO] (client-1) Message send: This is new message
[10:54:14][WaitKw][INFO] Waiting: 1000 ms
[10:54:15][AssertEqualsKw][WARNING] Assertion failed. True was expected as the result. Condition: (Value of variable 'Unknown command: #leave' must contains expected text '[NoveJmeno1] >> This is new message')
[10:54:15][TestSuiteKw][ERROR] Test suite 'Testování příkazu pro změnů jména' - Test case 'Test změny jména' failed
[10:54:15][MessageBuffer][INFO] Message buffer cleared
[10:54:15][TestSuiteKw][INFO] Test case 'Test změny na neunikátní jméno' starts executing now
[10:54:15][TelnetClient][INFO] (client-1) Message send: #setMyName Klient2
[10:54:15][WaitKw][INFO] Waiting: 1000 ms
[10:54:15][MessageBuffer][INFO] Message added to buffer [ Mod: client-1 | Tag:  ] Content: 'Unknown command: #setMyName'
[10:54:16][TelnetClient][INFO] (client-1) Message send: This is new message
[10:54:16][WaitKw][INFO] Waiting: 1000 ms
[10:54:17][AssertEqualsKw][WARNING] Assertion failed. True was expected as the result. Condition: (Value of variable 'Unknown command: #leave' must contains expected text '[NoveJmeno1] >> This is new message')
[10:54:17][TestSuiteKw][ERROR] Test suite 'Testování příkazu pro změnů jména' - Test case 'Test změny na neunikátní jméno' failed
[10:54:17][MessageBuffer][INFO] Message buffer cleared
[10:54:18][MessageBuffer][INFO] Message buffer cleared
[10:54:18][MessageBuffer][INFO] Message buffer cleared
[10:54:18][ExternalProgramRunner][INFO] (default) Termiting external application
[10:54:18][TelnetClient][WARNING] (client-1) Connection closed
[10:54:18][ProcessManager][INFO] PID (4508) removed from file
[10:54:18][TelnetClient][WARNING] (client-2) Connection closed
[10:54:18][TelnetClient][WARNING] (client-3) Connection closed
[10:54:18][ProcessManager][INFO] PID (4508) removed from file
[10:54:18][TelnetClient][INFO] (client-1) Telnet client [client-1] terminated
[10:54:18][TelnetClient][INFO] (client-2) Telnet client [client-2] terminated
[10:54:18][TelnetClient][INFO] (client-3) Telnet client [client-3] terminated
[10:54:18][NATTCore][INFO] Test executing finished
[10:54:18][NATTCore][INFO] Start generating test report
[10:54:18][ExternalProgramRunner][WARNING] (default) External application ends with error: 1
[10:54:18][ExternalProgramRunner][WARNING] (default) Error message from external application: DBG>Input handler starting for /127.0.0.1:56934
DBG>Input handler starting for /127.0.0.1:56933
DBG>Input handler starting for /127.0.0.1:56935
DBG>Output handler starting for /127.0.0.1:56933
DBG>Output handler starting for /127.0.0.1:56934
DBG>Output handler starting for /127.0.0.1:56935
DBG>Output handler running for /127.0.0.1:56933
DBG>Input handler running for /127.0.0.1:56933
DBG>Input handler running for /127.0.0.1:56934
DBG>Output handler running for /127.0.0.1:56934
DBG>Output handler running for /127.0.0.1:56935
DBG>Input handler running for /127.0.0.1:56935
DBG>Message sent to /127.0.0.1:56934:Unknown command: #sendPrivate

DBG>Message sent to /127.0.0.1:56933:Unknown command: #join

DBG>Message sent to /127.0.0.1:56934:Unknown command: #join

DBG>Message sent to /127.0.0.1:56933:Groups: 

DBG>Message sent to /127.0.0.1:56933:Unknown command: #leave

DBG>Message sent to /127.0.0.1:56934:Unknown command: #leave

DBG>Message sent to /127.0.0.1:56933:Groups: 

DBG>Message sent to /127.0.0.1:56935:Unknown command: #join

DBG>Message sent to /127.0.0.1:56933:Unknown command: #setMyName

DBG>Message sent to /127.0.0.1:56933:Unknown command: #setMyName


[10:54:18][TestReportGenerator][INFO] Report saved to file
[10:54:18][NATTCore][WARNING] Failed test cases: "Zaklaní test komunikace 1", "Zaklaní test komunikace 2", "Test odeslání soukromé zprávy", "Test vstoupení do diskuzní místnosti", "Test komunikace v diskuzní místnosti", "Test změny jména", "Test změny na neunikátní jméno"
[10:54:18][NATTCore][INFO] Final score: 0,000000
[10:54:18][NATTCore][ERROR] Testing done. Leaving status: FAILED
