[13:01:53][PluginLoader][INFO] No plugins found.
[13:01:53][NATTCore][INFO] NATT CORE initialization done
Version: 1.7.0 
Configuration path: https://gitlab.com/ap5vs/test-config/im-server-config/-/raw/main/test-config-4.yaml?ref_type=heads
Configuration loading mode: FROM URL
[13:01:53][NATTCore][INFO] Working directory path: C:\Users\grajc\Documents\GitHub\IM-Server
[13:01:53][NATTCore][INFO] Start loading of the configuration file ...
[13:01:54][NetworkIO][INFO] Yaml data has been loaded from network location (https://gitlab.com/ap5vs/test-config/im-server-config/-/raw/main/test-config-4.yaml?ref_type=heads)
[13:01:54][NATTCore][INFO] Configuration loading done
[13:01:54][NATTCore][INFO] Start building test structure according to the configuration ...
[13:01:54][NATTCore][INFO] Test structure ...
[13:01:54][NATTCore][INFO] Test structure building done
[13:01:54][NATTCore][INFO] Start test executing ...
[13:01:54][TestReportGenerator][INFO] Extenet reports generated. Final report will be saved to file: test_report.html
[13:01:54][NATTCore][INFO] Starts execution on the root keyword  ...
[13:01:54][MessageBuffer][INFO] Message buffer created for module with name: default
[13:01:54][ExternalProgramRunner][INFO] (default) Run external app with command: java -jar app/build/libs/app.jar 9999 10
[13:01:54][ProcessManager][INFO] New PID (20180) added to file
[13:01:54][WaitKw][INFO] Waiting: 3000 ms
[13:01:54][MessageBuffer][INFO] Message added to buffer [ Mod: default | Tag:  ] Content: 'IM server listening on port 9999, maximum nr. of connections=10...'
[13:01:57][MessageBuffer][INFO] Message buffer created for module with name: client-1
[13:01:57][TelnetClient][INFO] (client-1) Telnet client connected to host with the address: 'localhost' on port '9999'
[13:01:57][MessageBuffer][INFO] Message buffer created for module with name: client-2
[13:01:57][TelnetClient][INFO] (client-2) Telnet client connected to host with the address: 'localhost' on port '9999'
[13:01:57][MessageBuffer][INFO] Message buffer created for module with name: client-3
[13:01:57][TelnetClient][INFO] (client-3) Telnet client connected to host with the address: 'localhost' on port '9999'
[13:01:57][WaitKw][INFO] Waiting: 2000 ms
[13:01:59][TelnetClient][INFO] (client-1) Message send: Klient1
[13:01:59][TelnetClient][INFO] (client-2) Message send: Klient2
[13:01:59][TelnetClient][INFO] (client-3) Message send: Klient3
[13:01:59][WaitKw][INFO] Waiting: 800 ms
[13:02:00][TestSuiteKw][INFO] Test case 'Zaklaní test komunikace 1' starts executing now
[13:02:00][TelnetClient][INFO] (client-1) Message send: Hello, world!
[13:02:00][WaitKw][INFO] Waiting: 1000 ms
[13:02:01][AssertEqualsKw][WARNING] Assertion failed. Variable 'client-2-last-msg' not found!
[13:02:01][AssertEqualsKw][WARNING] Assertion failed. Variable 'client-3-last-msg' not found!
[13:02:01][TestSuiteKw][ERROR] Test suite 'Testování běžné komunikace' - Test case 'Zaklaní test komunikace 1' failed
[13:02:01][MessageBuffer][INFO] Message buffer cleared
[13:02:02][TestSuiteKw][INFO] Test case 'Zaklaní test komunikace 2' starts executing now
[13:02:02][TelnetClient][INFO] (client-1) Message send: Testing 123
[13:02:02][TelnetClient][INFO] (client-2) Message send: 12345 - 67890
[13:02:02][TelnetClient][INFO] (client-3) Message send: This is a test message
[13:02:02][WaitKw][INFO] Waiting: 1000 ms
[13:02:03][NATTContext][INFO] Data has been stored in to the variable 'var-1'. Data value: 
[13:02:03][AssertEqualsKw][WARNING] Assertion failed. True was expected as the result. Condition: (Value of variable '' must equals expected text '[Klient2] >> 12345 - 67890')
[13:02:03][NATTContext][INFO] Data has been stored in to the variable 'var-1'. Data value: 
[13:02:03][AssertEqualsKw][WARNING] Assertion failed. True was expected as the result. Condition: (Value of variable '' must contains expected text '[Klient3] >> This is a test message')
[13:02:03][NATTContext][INFO] Data has been stored in to the variable 'var-1'. Data value: 
[13:02:03][AssertEqualsKw][WARNING] Assertion failed. True was expected as the result. Condition: (Value of variable '' must contains expected text '[Klient1] >> Testing 123')
[13:02:03][TestSuiteKw][ERROR] Test suite 'Testování běžné komunikace' - Test case 'Zaklaní test komunikace 2' failed
[13:02:03][MessageBuffer][INFO] Message buffer cleared
[13:02:03][TestSuiteKw][INFO] Test case 'Test odeslání soukromé zprávy' starts executing now
[13:02:03][TelnetClient][INFO] (client-2) Message send: #sendPrivate Klient3 This is a private message
[13:02:03][WaitKw][INFO] Waiting: 1000 ms
[13:02:04][NATTContext][INFO] Data has been stored in to the variable 'var-1'. Data value: 
[13:02:04][NATTContext][INFO] Data has been stored in to the variable 'var-2'. Data value: 
[13:02:04][AssertEqualsKw][WARNING] Assertion failed. True was expected as the result. Condition: (Value of variable '' must contains expected text '[Klient2] >> This is a private message')
[13:02:04][TestSuiteKw][ERROR] Test suite 'Testování běžné komunikace' - Test case 'Test odeslání soukromé zprávy' failed
[13:02:05][MessageBuffer][INFO] Message buffer cleared
[13:02:05][MessageBuffer][INFO] Message buffer cleared
[13:02:05][TestSuiteKw][INFO] Test case 'Test vstoupení do diskuzní místnosti' starts executing now
[13:02:05][TelnetClient][INFO] (client-1) Message send: #join MyGroup1
[13:02:05][TelnetClient][INFO] (client-2) Message send: #join MyGroup1
[13:02:05][WaitKw][INFO] Waiting: 1000 ms
[13:02:06][TelnetClient][INFO] (client-1) Message send: #groups
[13:02:06][WaitKw][INFO] Waiting: 1000 ms
[13:02:06][MessageBuffer][INFO] Message added to buffer [ Mod: client-1 | Tag:  ] Content: 'Groups: MyGroup1,public'
[13:02:07][TelnetClient][INFO] (client-1) Message send: #leave public
[13:02:07][TelnetClient][INFO] (client-2) Message send: #leave public
[13:02:07][WaitKw][INFO] Waiting: 1000 ms
[13:02:08][TelnetClient][INFO] (client-1) Message send: #groups
[13:02:08][MessageBuffer][INFO] Message added to buffer [ Mod: client-1 | Tag:  ] Content: 'Groups: MyGroup1'
[13:02:08][WaitKw][INFO] Waiting: 1000 ms
[13:02:09][TestSuiteKw][INFO] Test suite 'Testování diskuzních místností' - Test case 'Test vstoupení do diskuzní místnosti' passed
[13:02:09][MessageBuffer][INFO] Message buffer cleared
[13:02:10][TestSuiteKw][INFO] Test case 'Test komunikace v diskuzní místnosti' starts executing now
[13:02:10][TelnetClient][INFO] (client-1) Message send: This is private message
[13:02:10][WaitKw][INFO] Waiting: 1000 ms
[13:02:11][AssertEqualsKw][WARNING] Assertion failed. Variable 'client-2-last-msg' not found!
[13:02:11][AssertEqualsKw][WARNING] Assertion failed. Variable 'client-3-last-msg' not found!
[13:02:11][TelnetClient][INFO] (client-3) Message send: #join MyGroup1
[13:02:11][WaitKw][INFO] Waiting: 1000 ms
[13:02:12][TelnetClient][INFO] (client-1) Message send: This is private message
[13:02:12][WaitKw][INFO] Waiting: 1000 ms
[13:02:13][AssertEqualsKw][WARNING] Assertion failed. Variable 'client-3-last-msg' not found!
[13:02:13][TestSuiteKw][ERROR] Test suite 'Testování diskuzních místností' - Test case 'Test komunikace v diskuzní místnosti' failed
[13:02:13][MessageBuffer][INFO] Message buffer cleared
[13:02:14][MessageBuffer][INFO] Message buffer cleared
[13:02:14][TestSuiteKw][INFO] Test case 'Test změny jména' starts executing now
[13:02:14][TelnetClient][INFO] (client-1) Message send: #setMyName NoveJmeno1
[13:02:14][WaitKw][INFO] Waiting: 1000 ms
[13:02:14][MessageBuffer][INFO] Message added to buffer [ Mod: client-3 | Tag:  ] Content: '[NoveJmeno1] >> Hello, world!'
[13:02:14][MessageBuffer][INFO] Message added to buffer [ Mod: client-2 | Tag:  ] Content: '[NoveJmeno1] >> Hello, world!'
[13:02:15][TelnetClient][INFO] (client-1) Message send: This is new message
[13:02:15][MessageBuffer][INFO] Message added to buffer [ Mod: default | Tag:  ] Content: 'This is new message'
[13:02:15][WaitKw][INFO] Waiting: 1000 ms
[13:02:15][MessageBuffer][INFO] Message added to buffer [ Mod: client-3 | Tag:  ] Content: '[NoveJmeno1] >> This is new message'
[13:02:15][MessageBuffer][INFO] Message added to buffer [ Mod: client-2 | Tag:  ] Content: '[NoveJmeno1] >> This is new message'
[13:02:16][TestSuiteKw][INFO] Test suite 'Testování příkazu pro změnů jména' - Test case 'Test změny jména' passed
[13:02:16][MessageBuffer][INFO] Message buffer cleared
[13:02:16][TestSuiteKw][INFO] Test case 'Test změny na neunikátní jméno' starts executing now
[13:02:16][TelnetClient][INFO] (client-1) Message send: #setMyName Klient2
[13:02:16][MessageBuffer][INFO] Message added to buffer [ Mod: client-3 | Tag:  ] Content: '[Klient2] >> Hello, world!'
[13:02:16][WaitKw][INFO] Waiting: 1000 ms
[13:02:16][MessageBuffer][INFO] Message added to buffer [ Mod: client-2 | Tag:  ] Content: '[Klient2] >> Hello, world!'
[13:02:17][TelnetClient][INFO] (client-1) Message send: This is new message
[13:02:17][MessageBuffer][INFO] Message added to buffer [ Mod: default | Tag:  ] Content: 'This is new message'
[13:02:17][WaitKw][INFO] Waiting: 1000 ms
[13:02:17][MessageBuffer][INFO] Message added to buffer [ Mod: client-2 | Tag:  ] Content: '[Klient2] >> This is new message'
[13:02:17][MessageBuffer][INFO] Message added to buffer [ Mod: client-3 | Tag:  ] Content: '[Klient2] >> This is new message'
[13:02:18][AssertEqualsKw][WARNING] Assertion failed. True was expected as the result. Condition: (Value of variable '[Klient2] >> This is new message' must contains expected text '[NoveJmeno1] >> This is new message')
[13:02:18][TestSuiteKw][ERROR] Test suite 'Testování příkazu pro změnů jména' - Test case 'Test změny na neunikátní jméno' failed
[13:02:19][MessageBuffer][INFO] Message buffer cleared
[13:02:19][MessageBuffer][INFO] Message buffer cleared
[13:02:19][MessageBuffer][INFO] Message buffer cleared
[13:02:19][ExternalProgramRunner][INFO] (default) Termiting external application
[13:02:19][ProcessManager][INFO] PID (20180) removed from file
[13:02:19][TelnetClient][WARNING] (client-3) Connection closed
[13:02:19][TelnetClient][WARNING] (client-1) Connection closed
[13:02:19][TelnetClient][WARNING] (client-2) Connection closed
[13:02:19][TelnetClient][INFO] (client-1) Telnet client [client-1] terminated
[13:02:19][ProcessManager][INFO] PID (20180) removed from file
[13:02:19][TelnetClient][INFO] (client-2) Telnet client [client-2] terminated
[13:02:19][TelnetClient][INFO] (client-3) Telnet client [client-3] terminated
[13:02:19][NATTCore][INFO] Test executing finished
[13:02:19][NATTCore][INFO] Start generating test report
[13:02:19][ExternalProgramRunner][WARNING] (default) External application ends with error: 1
[13:02:19][ExternalProgramRunner][WARNING] (default) Error message from external application: DBG>Output handler starting for /127.0.0.1:59144
DBG>Input handler starting for /127.0.0.1:59145
DBG>Input handler starting for /127.0.0.1:59144
DBG>Input handler running for /127.0.0.1:59144
DBG>Output handler running for /127.0.0.1:59144
DBG>Input handler starting for /127.0.0.1:59146
DBG>Output handler starting for /127.0.0.1:59146
DBG>Output handler starting for /127.0.0.1:59145
DBG>Input handler running for /127.0.0.1:59146
DBG>Output handler running for /127.0.0.1:59146
DBG>Input handler running for /127.0.0.1:59145
DBG>Output handler running for /127.0.0.1:59145
DBG>Message sent to /127.0.0.1:59144:Groups: MyGroup1,public

DBG>Message sent to /127.0.0.1:59144:Groups: MyGroup1

DBG>Message sent to /127.0.0.1:59145:[NoveJmeno1] >> Hello, world!

DBG>Message sent to /127.0.0.1:59146:[NoveJmeno1] >> Hello, world!

DBG>Message sent to /127.0.0.1:59146:[NoveJmeno1] >> This is new message

DBG>Message sent to /127.0.0.1:59145:[NoveJmeno1] >> This is new message

DBG>Message sent to /127.0.0.1:59146:[Klient2] >> Hello, world!

DBG>Message sent to /127.0.0.1:59145:[Klient2] >> Hello, world!

DBG>Message sent to /127.0.0.1:59146:[Klient2] >> This is new message

DBG>Message sent to /127.0.0.1:59145:[Klient2] >> This is new message


[13:02:19][TestReportGenerator][INFO] Report saved to file
[13:02:19][NATTCore][WARNING] Failed test cases: "Zaklaní test komunikace 1", "Zaklaní test komunikace 2", "Test odeslání soukromé zprávy", "Test komunikace v diskuzní místnosti", "Test změny na neunikátní jméno"
[13:02:19][NATTCore][INFO] Final score: 3,142857
[13:02:19][NATTCore][ERROR] Testing done. Leaving status: FAILED
