[10:56:27][PluginLoader][INFO] No plugins found.
[10:56:27][NATTCore][INFO] NATT CORE initialization done
Version: 1.7.0 
Configuration path: https://gitlab.com/ap5vs/test-config/im-server-config/-/raw/main/test-config-4.yaml?ref_type=heads
Configuration loading mode: FROM URL
[10:56:27][NATTCore][INFO] Working directory path: C:\Users\grajc\Documents\GitHub\IM-Server
[10:56:27][NATTCore][INFO] Start loading of the configuration file ...
[10:56:28][NetworkIO][INFO] Yaml data has been loaded from network location (https://gitlab.com/ap5vs/test-config/im-server-config/-/raw/main/test-config-4.yaml?ref_type=heads)
[10:56:28][NATTCore][INFO] Configuration loading done
[10:56:28][NATTCore][INFO] Start building test structure according to the configuration ...
[10:56:28][NATTCore][INFO] Test structure ...
[10:56:28][NATTCore][INFO] Test structure building done
[10:56:28][NATTCore][INFO] Start test executing ...
[10:56:28][TestReportGenerator][INFO] Extenet reports generated. Final report will be saved to file: test_report.html
[10:56:28][NATTCore][INFO] Starts execution on the root keyword  ...
[10:56:28][MessageBuffer][INFO] Message buffer created for module with name: default
[10:56:28][ExternalProgramRunner][INFO] (default) Run external app with command: java -jar app/build/libs/app.jar 9999 10
[10:56:28][ProcessManager][INFO] New PID (5824) added to file
[10:56:28][WaitKw][INFO] Waiting: 3000 ms
[10:56:28][MessageBuffer][INFO] Message added to buffer [ Mod: default | Tag:  ] Content: 'IM server listening on port 9999, maximum nr. of connections=10...'
[10:56:31][MessageBuffer][INFO] Message buffer created for module with name: client-1
[10:56:31][TelnetClient][INFO] (client-1) Telnet client connected to host with the address: 'localhost' on port '9999'
[10:56:31][MessageBuffer][INFO] Message buffer created for module with name: client-2
[10:56:31][TelnetClient][INFO] (client-2) Telnet client connected to host with the address: 'localhost' on port '9999'
[10:56:31][MessageBuffer][INFO] Message buffer created for module with name: client-3
[10:56:31][TelnetClient][INFO] (client-3) Telnet client connected to host with the address: 'localhost' on port '9999'
[10:56:31][WaitKw][INFO] Waiting: 2000 ms
[10:56:31][MessageBuffer][INFO] Message added to buffer [ Mod: client-3 | Tag:  ] Content: ''
[10:56:31][MessageBuffer][INFO] Message added to buffer [ Mod: client-1 | Tag:  ] Content: ''
[10:56:31][MessageBuffer][INFO] Message added to buffer [ Mod: client-2 | Tag:  ] Content: ''
[10:56:31][MessageBuffer][INFO] Message added to buffer [ Mod: client-1 | Tag:  ] Content: 'You are connected from /127.0.0.1:51059'
[10:56:31][MessageBuffer][INFO] Message added to buffer [ Mod: client-3 | Tag:  ] Content: 'You are connected from /127.0.0.1:51061'
[10:56:31][MessageBuffer][INFO] Message added to buffer [ Mod: client-2 | Tag:  ] Content: 'You are connected from /127.0.0.1:51060'
[10:56:33][TelnetClient][INFO] (client-1) Message send: Klient1
[10:56:33][TelnetClient][INFO] (client-2) Message send: Klient2
[10:56:33][TelnetClient][INFO] (client-3) Message send: Klient3
[10:56:33][WaitKw][INFO] Waiting: 800 ms
[10:56:34][TestSuiteKw][INFO] Test case 'Zaklaní test komunikace 1' starts executing now
[10:56:34][TelnetClient][INFO] (client-1) Message send: Hello, world!
[10:56:34][WaitKw][INFO] Waiting: 1000 ms
[10:56:35][AssertEqualsKw][WARNING] Assertion failed. True was expected as the result. Condition: (Value of variable 'You are connected from /127.0.0.1:51060' must contains expected text '[Klient1] >> Hello, world!')
[10:56:35][AssertEqualsKw][WARNING] Assertion failed. True was expected as the result. Condition: (Value of variable 'You are connected from /127.0.0.1:51061' must contains expected text '[Klient1] >> Hello, world!')
[10:56:35][TestSuiteKw][ERROR] Test suite 'Testování běžné komunikace' - Test case 'Zaklaní test komunikace 1' failed
[10:56:35][MessageBuffer][INFO] Message buffer cleared
[10:56:36][TestSuiteKw][INFO] Test case 'Zaklaní test komunikace 2' starts executing now
[10:56:36][TelnetClient][INFO] (client-1) Message send: Testing 123
[10:56:36][TelnetClient][INFO] (client-2) Message send: 12345 - 67890
[10:56:36][TelnetClient][INFO] (client-3) Message send: This is a test message
[10:56:36][WaitKw][INFO] Waiting: 1000 ms
[10:56:37][NATTContext][INFO] Data has been stored in to the variable 'var-1'. Data value: 
[10:56:37][AssertEqualsKw][WARNING] Assertion failed. True was expected as the result. Condition: (Value of variable '' must equals expected text '[Klient2] >> 12345 - 67890')
[10:56:37][NATTContext][INFO] Data has been stored in to the variable 'var-1'. Data value: 
[10:56:37][AssertEqualsKw][WARNING] Assertion failed. True was expected as the result. Condition: (Value of variable '' must contains expected text '[Klient3] >> This is a test message')
[10:56:37][NATTContext][INFO] Data has been stored in to the variable 'var-1'. Data value: 
[10:56:37][AssertEqualsKw][WARNING] Assertion failed. True was expected as the result. Condition: (Value of variable '' must contains expected text '[Klient1] >> Testing 123')
[10:56:37][TestSuiteKw][ERROR] Test suite 'Testování běžné komunikace' - Test case 'Zaklaní test komunikace 2' failed
[10:56:37][MessageBuffer][INFO] Message buffer cleared
[10:56:37][TestSuiteKw][INFO] Test case 'Test odeslání soukromé zprávy' starts executing now
[10:56:37][TelnetClient][INFO] (client-2) Message send: #sendPrivate Klient3 This is a private message
[10:56:37][WaitKw][INFO] Waiting: 1000 ms
[10:56:37][MessageBuffer][INFO] Message added to buffer [ Mod: client-2 | Tag:  ] Content: 'Unknown command: #sendPrivate'
[10:56:38][NATTContext][INFO] Data has been stored in to the variable 'var-1'. Data value: 
[10:56:38][NATTContext][INFO] Data has been stored in to the variable 'var-2'. Data value: 
[10:56:38][AssertEqualsKw][WARNING] Assertion failed. True was expected as the result. Condition: (Value of variable '' must contains expected text '[Klient2] >> This is a private message')
[10:56:38][TestSuiteKw][ERROR] Test suite 'Testování běžné komunikace' - Test case 'Test odeslání soukromé zprávy' failed
[10:56:39][MessageBuffer][INFO] Message buffer cleared
[10:56:39][MessageBuffer][INFO] Message buffer cleared
[10:56:39][TestSuiteKw][INFO] Test case 'Test vstoupení do diskuzní místnosti' starts executing now
[10:56:39][TelnetClient][INFO] (client-1) Message send: #join MyGroup1
[10:56:39][MessageBuffer][INFO] Message added to buffer [ Mod: client-1 | Tag:  ] Content: 'Unknown command: #join'
[10:56:39][TelnetClient][INFO] (client-2) Message send: #join MyGroup1
[10:56:39][WaitKw][INFO] Waiting: 1000 ms
[10:56:39][MessageBuffer][INFO] Message added to buffer [ Mod: client-2 | Tag:  ] Content: 'Unknown command: #join'
[10:56:40][TelnetClient][INFO] (client-1) Message send: #groups
[10:56:40][MessageBuffer][INFO] Message added to buffer [ Mod: client-1 | Tag:  ] Content: 'Groups: '
[10:56:40][WaitKw][INFO] Waiting: 1000 ms
[10:56:41][AssertEqualsKw][WARNING] Assertion failed. True was expected as the result. Condition: (Value of variable 'Groups: ' must contains expected text 'MyGroup1')
[10:56:41][TelnetClient][INFO] (client-1) Message send: #leave public
[10:56:41][MessageBuffer][INFO] Message added to buffer [ Mod: client-1 | Tag:  ] Content: 'Unknown command: #leave'
[10:56:41][TelnetClient][INFO] (client-2) Message send: #leave public
[10:56:41][WaitKw][INFO] Waiting: 1000 ms
[10:56:41][MessageBuffer][INFO] Message added to buffer [ Mod: client-2 | Tag:  ] Content: 'Unknown command: #leave'
[10:56:42][TelnetClient][INFO] (client-1) Message send: #groups
[10:56:42][MessageBuffer][INFO] Message added to buffer [ Mod: client-1 | Tag:  ] Content: 'Groups: '
[10:56:42][WaitKw][INFO] Waiting: 1000 ms
[10:56:43][TestSuiteKw][ERROR] Test suite 'Testování diskuzních místností' - Test case 'Test vstoupení do diskuzní místnosti' failed
[10:56:43][MessageBuffer][INFO] Message buffer cleared
[10:56:44][TestSuiteKw][INFO] Test case 'Test komunikace v diskuzní místnosti' starts executing now
[10:56:44][TelnetClient][INFO] (client-1) Message send: This is private message
[10:56:44][WaitKw][INFO] Waiting: 1000 ms
[10:56:45][AssertEqualsKw][WARNING] Assertion failed. True was expected as the result. Condition: (Value of variable 'Unknown command: #leave' must contains expected text 'This is private message')
[10:56:45][TelnetClient][INFO] (client-3) Message send: #join MyGroup1
[10:56:45][WaitKw][INFO] Waiting: 1000 ms
[10:56:45][MessageBuffer][INFO] Message added to buffer [ Mod: client-3 | Tag:  ] Content: 'Unknown command: #join'
[10:56:46][TelnetClient][INFO] (client-1) Message send: This is private message
[10:56:46][WaitKw][INFO] Waiting: 1000 ms
[10:56:47][AssertEqualsKw][WARNING] Assertion failed. True was expected as the result. Condition: (Value of variable 'Unknown command: #join' must contains expected text 'This is private message')
[10:56:47][TestSuiteKw][ERROR] Test suite 'Testování diskuzních místností' - Test case 'Test komunikace v diskuzní místnosti' failed
[10:56:47][MessageBuffer][INFO] Message buffer cleared
[10:56:48][MessageBuffer][INFO] Message buffer cleared
[10:56:48][TestSuiteKw][INFO] Test case 'Test změny jména' starts executing now
[10:56:48][TelnetClient][INFO] (client-1) Message send: #setMyName NoveJmeno1
[10:56:48][MessageBuffer][INFO] Message added to buffer [ Mod: client-1 | Tag:  ] Content: 'Unknown command: #setMyName'
[10:56:48][WaitKw][INFO] Waiting: 1000 ms
[10:56:49][TelnetClient][INFO] (client-1) Message send: This is new message
[10:56:49][WaitKw][INFO] Waiting: 1000 ms
[10:56:50][AssertEqualsKw][WARNING] Assertion failed. True was expected as the result. Condition: (Value of variable 'Unknown command: #leave' must contains expected text '[NoveJmeno1] >> This is new message')
[10:56:50][TestSuiteKw][ERROR] Test suite 'Testování příkazu pro změnů jména' - Test case 'Test změny jména' failed
[10:56:50][MessageBuffer][INFO] Message buffer cleared
[10:56:51][TestSuiteKw][INFO] Test case 'Test změny na neunikátní jméno' starts executing now
[10:56:51][TelnetClient][INFO] (client-1) Message send: #setMyName Klient2
[10:56:51][WaitKw][INFO] Waiting: 1000 ms
[10:56:51][MessageBuffer][INFO] Message added to buffer [ Mod: client-1 | Tag:  ] Content: 'Unknown command: #setMyName'
[10:56:52][TelnetClient][INFO] (client-1) Message send: This is new message
[10:56:52][WaitKw][INFO] Waiting: 1000 ms
[10:56:53][AssertEqualsKw][WARNING] Assertion failed. True was expected as the result. Condition: (Value of variable 'Unknown command: #leave' must contains expected text '[NoveJmeno1] >> This is new message')
[10:56:53][TestSuiteKw][ERROR] Test suite 'Testování příkazu pro změnů jména' - Test case 'Test změny na neunikátní jméno' failed
[10:56:53][MessageBuffer][INFO] Message buffer cleared
[10:56:53][MessageBuffer][INFO] Message buffer cleared
[10:56:53][MessageBuffer][INFO] Message buffer cleared
[10:56:53][ExternalProgramRunner][INFO] (default) Termiting external application
[10:56:53][ProcessManager][INFO] PID (5824) removed from file
[10:56:53][TelnetClient][WARNING] (client-3) Connection closed
[10:56:53][TelnetClient][WARNING] (client-1) Connection closed
[10:56:53][TelnetClient][WARNING] (client-2) Connection closed
[10:56:53][TelnetClient][INFO] (client-1) Telnet client [client-1] terminated
[10:56:53][ProcessManager][INFO] PID (5824) removed from file
[10:56:53][TelnetClient][INFO] (client-2) Telnet client [client-2] terminated
[10:56:53][TelnetClient][INFO] (client-3) Telnet client [client-3] terminated
[10:56:53][NATTCore][INFO] Test executing finished
[10:56:53][NATTCore][INFO] Start generating test report
[10:56:53][ExternalProgramRunner][WARNING] (default) External application ends with error: 1
[10:56:53][ExternalProgramRunner][WARNING] (default) Error message from external application: DBG>Input handler starting for /127.0.0.1:51060
DBG>Input handler starting for /127.0.0.1:51059
DBG>Output handler starting for /127.0.0.1:51060
DBG>Output handler running for /127.0.0.1:51060
DBG>Input handler starting for /127.0.0.1:51061
DBG>Output handler starting for /127.0.0.1:51061
DBG>Output handler running for /127.0.0.1:51061
DBG>Output handler starting for /127.0.0.1:51059
DBG>Output handler running for /127.0.0.1:51059
DBG>Input handler running for /127.0.0.1:51061
DBG>Input handler running for /127.0.0.1:51060
DBG>Input handler running for /127.0.0.1:51059
DBG>Message sent to /127.0.0.1:51060:Unknown command: #sendPrivate

DBG>Message sent to /127.0.0.1:51059:Unknown command: #join

DBG>Message sent to /127.0.0.1:51060:Unknown command: #join

DBG>Message sent to /127.0.0.1:51059:Groups: 

DBG>Message sent to /127.0.0.1:51059:Unknown command: #leave

DBG>Message sent to /127.0.0.1:51060:Unknown command: #leave

DBG>Message sent to /127.0.0.1:51059:Groups: 

DBG>Message sent to /127.0.0.1:51061:Unknown command: #join

DBG>Message sent to /127.0.0.1:51059:Unknown command: #setMyName

DBG>Message sent to /127.0.0.1:51059:Unknown command: #setMyName


[10:56:54][TestReportGenerator][INFO] Report saved to file
[10:56:54][NATTCore][WARNING] Failed test cases: "Zaklaní test komunikace 1", "Zaklaní test komunikace 2", "Test odeslání soukromé zprávy", "Test vstoupení do diskuzní místnosti", "Test komunikace v diskuzní místnosti", "Test změny jména", "Test změny na neunikátní jméno"
[10:56:54][NATTCore][INFO] Final score: 0,000000
[10:56:54][NATTCore][ERROR] Testing done. Leaving status: FAILED
