[11:32:51][PluginLoader][INFO] No plugins found.
[11:32:51][NATTCore][INFO] NATT CORE initialization done
Version: 1.7.0 
Configuration path: https://gitlab.com/ap5vs/test-config/im-server-config/-/raw/main/test-config-4.yaml?ref_type=heads
Configuration loading mode: FROM URL
[11:32:51][NATTCore][INFO] Working directory path: C:\Users\grajc\Documents\GitHub\IM-Server
[11:32:51][NATTCore][INFO] Start loading of the configuration file ...
[11:32:51][NetworkIO][INFO] Yaml data has been loaded from network location (https://gitlab.com/ap5vs/test-config/im-server-config/-/raw/main/test-config-4.yaml?ref_type=heads)
[11:32:51][NATTCore][INFO] Configuration loading done
[11:32:51][NATTCore][INFO] Start building test structure according to the configuration ...
[11:32:51][NATTCore][INFO] Test structure ...
[11:32:51][NATTCore][INFO] Test structure building done
[11:32:51][NATTCore][INFO] Start test executing ...
[11:32:51][TestReportGenerator][INFO] Extenet reports generated. Final report will be saved to file: test_report.html
[11:32:51][NATTCore][INFO] Starts execution on the root keyword  ...
[11:32:51][MessageBuffer][INFO] Message buffer created for module with name: default
[11:32:51][ExternalProgramRunner][INFO] (default) Run external app with command: java -jar app/build/libs/app.jar 9999 10
[11:32:51][ProcessManager][INFO] New PID (22872) added to file
[11:32:51][WaitKw][INFO] Waiting: 3000 ms
[11:32:52][MessageBuffer][INFO] Message added to buffer [ Mod: default | Tag:  ] Content: 'IM server listening on port 9999, maximum nr. of connections=10...'
[11:32:54][MessageBuffer][INFO] Message buffer created for module with name: client-1
[11:32:54][TelnetClient][INFO] (client-1) Telnet client connected to host with the address: 'localhost' on port '9999'
[11:32:54][MessageBuffer][INFO] Message buffer created for module with name: client-2
[11:32:54][TelnetClient][INFO] (client-2) Telnet client connected to host with the address: 'localhost' on port '9999'
[11:32:54][MessageBuffer][INFO] Message buffer created for module with name: client-3
[11:32:54][TelnetClient][INFO] (client-3) Telnet client connected to host with the address: 'localhost' on port '9999'
[11:32:54][WaitKw][INFO] Waiting: 2000 ms
[11:32:56][TelnetClient][INFO] (client-1) Message send: Klient1
[11:32:56][TelnetClient][INFO] (client-2) Message send: Klient2
[11:32:56][TelnetClient][INFO] (client-3) Message send: Klient3
[11:32:56][WaitKw][INFO] Waiting: 800 ms
[11:32:57][TestSuiteKw][INFO] Test case 'Zaklaní test komunikace 1' starts executing now
[11:32:57][TelnetClient][INFO] (client-1) Message send: Hello, world!
[11:32:57][WaitKw][INFO] Waiting: 1000 ms
[11:32:58][AssertEqualsKw][WARNING] Assertion failed. Variable 'client-2-last-msg' not found!
[11:32:58][AssertEqualsKw][WARNING] Assertion failed. Variable 'client-3-last-msg' not found!
[11:32:58][TestSuiteKw][ERROR] Test suite 'Testování běžné komunikace' - Test case 'Zaklaní test komunikace 1' failed
[11:32:58][MessageBuffer][INFO] Message buffer cleared
[11:32:59][TestSuiteKw][INFO] Test case 'Zaklaní test komunikace 2' starts executing now
[11:32:59][TelnetClient][INFO] (client-1) Message send: Testing 123
[11:32:59][TelnetClient][INFO] (client-2) Message send: 12345 - 67890
[11:32:59][TelnetClient][INFO] (client-3) Message send: This is a test message
[11:32:59][WaitKw][INFO] Waiting: 1000 ms
[11:33:00][NATTContext][INFO] Data has been stored in to the variable 'var-1'. Data value: 
[11:33:00][AssertEqualsKw][WARNING] Assertion failed. True was expected as the result. Condition: (Value of variable '' must equals expected text '[Klient2] >> 12345 - 67890')
[11:33:00][NATTContext][INFO] Data has been stored in to the variable 'var-1'. Data value: 
[11:33:00][AssertEqualsKw][WARNING] Assertion failed. True was expected as the result. Condition: (Value of variable '' must contains expected text '[Klient3] >> This is a test message')
[11:33:00][NATTContext][INFO] Data has been stored in to the variable 'var-1'. Data value: 
[11:33:00][AssertEqualsKw][WARNING] Assertion failed. True was expected as the result. Condition: (Value of variable '' must contains expected text '[Klient1] >> Testing 123')
[11:33:00][TestSuiteKw][ERROR] Test suite 'Testování běžné komunikace' - Test case 'Zaklaní test komunikace 2' failed
[11:33:00][MessageBuffer][INFO] Message buffer cleared
[11:33:01][TestSuiteKw][INFO] Test case 'Test odeslání soukromé zprávy' starts executing now
[11:33:01][TelnetClient][INFO] (client-2) Message send: #sendPrivate Klient3 This is a private message
[11:33:01][WaitKw][INFO] Waiting: 1000 ms
[11:33:01][MessageBuffer][INFO] Message added to buffer [ Mod: client-2 | Tag:  ] Content: 'User Klient3 not found.'
[11:33:02][NATTContext][INFO] Data has been stored in to the variable 'var-1'. Data value: 
[11:33:02][NATTContext][INFO] Data has been stored in to the variable 'var-2'. Data value: 
[11:33:02][AssertEqualsKw][WARNING] Assertion failed. True was expected as the result. Condition: (Value of variable '' must contains expected text '[Klient2] >> This is a private message')
[11:33:02][TestSuiteKw][ERROR] Test suite 'Testování běžné komunikace' - Test case 'Test odeslání soukromé zprávy' failed
[11:33:02][MessageBuffer][INFO] Message buffer cleared
[11:33:02][MessageBuffer][INFO] Message buffer cleared
[11:33:02][TestSuiteKw][INFO] Test case 'Test vstoupení do diskuzní místnosti' starts executing now
[11:33:02][TelnetClient][INFO] (client-1) Message send: #join MyGroup1
[11:33:02][TelnetClient][INFO] (client-2) Message send: #join MyGroup1
[11:33:02][WaitKw][INFO] Waiting: 1000 ms
[11:33:03][TelnetClient][INFO] (client-1) Message send: #groups
[11:33:03][WaitKw][INFO] Waiting: 1000 ms
[11:33:03][MessageBuffer][INFO] Message added to buffer [ Mod: client-1 | Tag:  ] Content: 'Groups: MyGroup1'
[11:33:05][TelnetClient][INFO] (client-1) Message send: #leave public
[11:33:05][TelnetClient][INFO] (client-2) Message send: #leave public
[11:33:05][WaitKw][INFO] Waiting: 1000 ms
[11:33:06][TelnetClient][INFO] (client-1) Message send: #groups
[11:33:06][MessageBuffer][INFO] Message added to buffer [ Mod: client-1 | Tag:  ] Content: 'Groups: MyGroup1'
[11:33:06][WaitKw][INFO] Waiting: 1000 ms
[11:33:07][TestSuiteKw][INFO] Test suite 'Testování diskuzních místností' - Test case 'Test vstoupení do diskuzní místnosti' passed
[11:33:07][MessageBuffer][INFO] Message buffer cleared
[11:33:07][TestSuiteKw][INFO] Test case 'Test komunikace v diskuzní místnosti' starts executing now
[11:33:07][TelnetClient][INFO] (client-1) Message send: This is private message
[11:33:07][WaitKw][INFO] Waiting: 1000 ms
[11:33:08][AssertEqualsKw][WARNING] Assertion failed. True was expected as the result. Condition: (Value of variable 'User Klient3 not found.' must contains expected text 'This is private message')
[11:33:08][AssertEqualsKw][WARNING] Assertion failed. Variable 'client-3-last-msg' not found!
[11:33:08][TelnetClient][INFO] (client-3) Message send: #join MyGroup1
[11:33:08][WaitKw][INFO] Waiting: 1000 ms
[11:33:09][TelnetClient][INFO] (client-1) Message send: This is private message
[11:33:09][WaitKw][INFO] Waiting: 1000 ms
[11:33:10][AssertEqualsKw][WARNING] Assertion failed. Variable 'client-3-last-msg' not found!
[11:33:10][TestSuiteKw][ERROR] Test suite 'Testování diskuzních místností' - Test case 'Test komunikace v diskuzní místnosti' failed
[11:33:10][MessageBuffer][INFO] Message buffer cleared
[11:33:11][MessageBuffer][INFO] Message buffer cleared
[11:33:11][TestSuiteKw][INFO] Test case 'Test změny jména' starts executing now
[11:33:11][TelnetClient][INFO] (client-1) Message send: #setMyName NoveJmeno1
[11:33:11][WaitKw][INFO] Waiting: 1000 ms
[11:33:11][MessageBuffer][INFO] Message added to buffer [ Mod: default | Tag:  ] Content: '#setMyName NoveJmeno1'
[11:33:11][MessageBuffer][INFO] Message added to buffer [ Mod: client-1 | Tag:  ] Content: '[NoveJmeno1] >> Hello, world!'
[11:33:11][MessageBuffer][INFO] Message added to buffer [ Mod: client-1 | Tag:  ] Content: 'Your name has been set to NoveJmeno1'
[11:33:11][MessageBuffer][INFO] Message added to buffer [ Mod: client-3 | Tag:  ] Content: '[null] >> #setMyName NoveJmeno1'
[11:33:11][MessageBuffer][INFO] Message added to buffer [ Mod: client-2 | Tag:  ] Content: '[null] >> #setMyName NoveJmeno1'
[11:33:12][TelnetClient][INFO] (client-1) Message send: This is new message
[11:33:12][MessageBuffer][INFO] Message added to buffer [ Mod: default | Tag:  ] Content: 'This is new message'
[11:33:12][MessageBuffer][INFO] Message added to buffer [ Mod: client-3 | Tag:  ] Content: '[null] >> This is new message'
[11:33:12][MessageBuffer][INFO] Message added to buffer [ Mod: client-2 | Tag:  ] Content: '[null] >> This is new message'
[11:33:12][WaitKw][INFO] Waiting: 1000 ms
[11:33:13][AssertEqualsKw][WARNING] Assertion failed. True was expected as the result. Condition: (Value of variable '[null] >> This is new message' must contains expected text '[NoveJmeno1] >> This is new message')
[11:33:13][TestSuiteKw][ERROR] Test suite 'Testování příkazu pro změnů jména' - Test case 'Test změny jména' failed
[11:33:13][MessageBuffer][INFO] Message buffer cleared
[11:33:14][TestSuiteKw][INFO] Test case 'Test změny na neunikátní jméno' starts executing now
[11:33:14][TelnetClient][INFO] (client-1) Message send: #setMyName Klient2
[11:33:14][MessageBuffer][INFO] Message added to buffer [ Mod: default | Tag:  ] Content: '#setMyName Klient2'
[11:33:14][WaitKw][INFO] Waiting: 1000 ms
[11:33:14][MessageBuffer][INFO] Message added to buffer [ Mod: client-2 | Tag:  ] Content: '[null] >> #setMyName Klient2'
[11:33:14][MessageBuffer][INFO] Message added to buffer [ Mod: client-1 | Tag:  ] Content: '[Klient2] >> Hello, world!'
[11:33:14][MessageBuffer][INFO] Message added to buffer [ Mod: client-3 | Tag:  ] Content: '[null] >> #setMyName Klient2'
[11:33:14][MessageBuffer][INFO] Message added to buffer [ Mod: client-1 | Tag:  ] Content: 'Your name has been set to Klient2'
[11:33:15][TelnetClient][INFO] (client-1) Message send: This is new message
[11:33:15][MessageBuffer][INFO] Message added to buffer [ Mod: default | Tag:  ] Content: 'This is new message'
[11:33:15][MessageBuffer][INFO] Message added to buffer [ Mod: client-2 | Tag:  ] Content: '[null] >> This is new message'
[11:33:15][MessageBuffer][INFO] Message added to buffer [ Mod: client-3 | Tag:  ] Content: '[null] >> This is new message'
[11:33:15][WaitKw][INFO] Waiting: 1000 ms
[11:33:16][AssertEqualsKw][WARNING] Assertion failed. True was expected as the result. Condition: (Value of variable '[null] >> This is new message' must contains expected text '[NoveJmeno1] >> This is new message')
[11:33:16][TestSuiteKw][ERROR] Test suite 'Testování příkazu pro změnů jména' - Test case 'Test změny na neunikátní jméno' failed
[11:33:16][MessageBuffer][INFO] Message buffer cleared
[11:33:17][MessageBuffer][INFO] Message buffer cleared
[11:33:17][MessageBuffer][INFO] Message buffer cleared
[11:33:17][ExternalProgramRunner][INFO] (default) Termiting external application
[11:33:17][ProcessManager][INFO] PID (22872) removed from file
[11:33:17][TelnetClient][WARNING] (client-1) Connection closed
[11:33:17][TelnetClient][WARNING] (client-3) Connection closed
[11:33:17][TelnetClient][WARNING] (client-2) Connection closed
[11:33:17][TelnetClient][INFO] (client-1) Telnet client [client-1] terminated
[11:33:17][TelnetClient][INFO] (client-2) Telnet client [client-2] terminated
[11:33:17][ProcessManager][INFO] PID (22872) removed from file
[11:33:17][TelnetClient][INFO] (client-3) Telnet client [client-3] terminated
[11:33:17][NATTCore][INFO] Test executing finished
[11:33:17][NATTCore][INFO] Start generating test report
[11:33:17][ExternalProgramRunner][WARNING] (default) External application ends with error: 1
[11:33:17][ExternalProgramRunner][WARNING] (default) Error message from external application: DBG>Input handler starting for /127.0.0.1:60795
DBG>Input handler starting for /127.0.0.1:60796
DBG>Output handler starting for /127.0.0.1:60796
DBG>Output handler starting for /127.0.0.1:60795
DBG>Output handler running for /127.0.0.1:60796
DBG>Output handler running for /127.0.0.1:60795
DBG>Input handler starting for /127.0.0.1:60797
DBG>Output handler starting for /127.0.0.1:60797
DBG>Output handler running for /127.0.0.1:60797
DBG>Input handler running for /127.0.0.1:60796
DBG>Input handler running for /127.0.0.1:60797
DBG>Input handler running for /127.0.0.1:60795
DBG>Message sent to /127.0.0.1:60796:User Klient3 not found.

DBG>Message sent to /127.0.0.1:60795:Groups: MyGroup1

DBG>Message sent to /127.0.0.1:60795:Groups: MyGroup1

DBG>Message sent to /127.0.0.1:60795:[NoveJmeno1] >> Hello, world!

DBG>Message sent to /127.0.0.1:60795:Your name has been set to NoveJmeno1

DBG>Message sent to /127.0.0.1:60797:[null] >> #setMyName NoveJmeno1

DBG>Message sent to /127.0.0.1:60796:[null] >> #setMyName NoveJmeno1

DBG>Message sent to /127.0.0.1:60796:[null] >> This is new message

DBG>Message sent to /127.0.0.1:60797:[null] >> This is new message

DBG>Message sent to /127.0.0.1:60797:[null] >> #setMyName Klient2

DBG>Message sent to /127.0.0.1:60796:[null] >> #setMyName Klient2

DBG>Message sent to /127.0.0.1:60795:[Klient2] >> Hello, world!

DBG>Message sent to /127.0.0.1:60795:Your name has been set to Klient2

DBG>Message sent to /127.0.0.1:60796:[null] >> This is new message

DBG>Message sent to /127.0.0.1:60797:[null] >> This is new message


[11:33:17][TestReportGenerator][INFO] Report saved to file
[11:33:17][NATTCore][WARNING] Failed test cases: "Zaklaní test komunikace 1", "Zaklaní test komunikace 2", "Test odeslání soukromé zprávy", "Test komunikace v diskuzní místnosti", "Test změny jména", "Test změny na neunikátní jméno"
[11:33:17][NATTCore][INFO] Final score: 1,571429
[11:33:17][NATTCore][ERROR] Testing done. Leaving status: FAILED
