[12:22:39][PluginLoader][INFO] No plugins found.
[12:22:39][ProcessManager][INFO] Process PID 4124 has been terminated.
[12:22:39][ProcessManager][INFO] PID (4124) removed from file
[12:22:39][NATTCore][INFO] NATT CORE initialization done
Version: 1.7.0 
Configuration path: https://gitlab.com/ap5vs/test-config/im-server-config/-/raw/main/test-config-4.yaml?ref_type=heads
Configuration loading mode: FROM URL
[12:22:39][NATTCore][INFO] Working directory path: C:\Users\grajc\Documents\GitHub\IM-Server
[12:22:39][NATTCore][INFO] Start loading of the configuration file ...
[12:22:40][NetworkIO][INFO] Yaml data has been loaded from network location (https://gitlab.com/ap5vs/test-config/im-server-config/-/raw/main/test-config-4.yaml?ref_type=heads)
[12:22:40][NATTCore][INFO] Configuration loading done
[12:22:40][NATTCore][INFO] Start building test structure according to the configuration ...
[12:22:40][NATTCore][INFO] Test structure ...
[12:22:40][NATTCore][INFO] Test structure building done
[12:22:40][NATTCore][INFO] Start test executing ...
[12:22:40][TestReportGenerator][INFO] Extenet reports generated. Final report will be saved to file: test_report.html
[12:22:40][NATTCore][INFO] Starts execution on the root keyword  ...
[12:22:40][MessageBuffer][INFO] Message buffer created for module with name: default
[12:22:40][ExternalProgramRunner][INFO] (default) Run external app with command: java -jar app/build/libs/app.jar 9999 10
[12:22:40][ProcessManager][INFO] New PID (8676) added to file
[12:22:40][WaitKw][INFO] Waiting: 3000 ms
[12:22:40][MessageBuffer][INFO] Message added to buffer [ Mod: default | Tag:  ] Content: 'IM server listening on port 9999, maximum nr. of connections=10...'
[12:22:43][MessageBuffer][INFO] Message buffer created for module with name: client-1
[12:22:43][TelnetClient][INFO] (client-1) Telnet client connected to host with the address: 'localhost' on port '9999'
[12:22:43][MessageBuffer][INFO] Message buffer created for module with name: client-2
[12:22:43][TelnetClient][INFO] (client-2) Telnet client connected to host with the address: 'localhost' on port '9999'
[12:22:43][MessageBuffer][INFO] Message buffer created for module with name: client-3
[12:22:43][TelnetClient][INFO] (client-3) Telnet client connected to host with the address: 'localhost' on port '9999'
[12:22:43][WaitKw][INFO] Waiting: 2000 ms
[12:22:45][TelnetClient][INFO] (client-1) Message send: Klient1
[12:22:45][TelnetClient][INFO] (client-2) Message send: Klient2
[12:22:45][TelnetClient][INFO] (client-3) Message send: Klient3
[12:22:45][WaitKw][INFO] Waiting: 800 ms
[12:22:46][TestSuiteKw][INFO] Test case 'Zaklaní test komunikace 1' starts executing now
[12:22:46][TelnetClient][INFO] (client-1) Message send: Hello, world!
[12:22:46][WaitKw][INFO] Waiting: 1000 ms
[12:22:47][AssertEqualsKw][WARNING] Assertion failed. Variable 'client-2-last-msg' not found!
[12:22:47][AssertEqualsKw][WARNING] Assertion failed. Variable 'client-3-last-msg' not found!
[12:22:47][TestSuiteKw][ERROR] Test suite 'Testování běžné komunikace' - Test case 'Zaklaní test komunikace 1' failed
[12:22:47][MessageBuffer][INFO] Message buffer cleared
[12:22:48][TestSuiteKw][INFO] Test case 'Zaklaní test komunikace 2' starts executing now
[12:22:48][TelnetClient][INFO] (client-1) Message send: Testing 123
[12:22:48][TelnetClient][INFO] (client-2) Message send: 12345 - 67890
[12:22:48][TelnetClient][INFO] (client-3) Message send: This is a test message
[12:22:48][WaitKw][INFO] Waiting: 1000 ms
[12:22:49][NATTContext][INFO] Data has been stored in to the variable 'var-1'. Data value: 
[12:22:49][AssertEqualsKw][WARNING] Assertion failed. True was expected as the result. Condition: (Value of variable '' must equals expected text '[Klient2] >> 12345 - 67890')
[12:22:49][NATTContext][INFO] Data has been stored in to the variable 'var-1'. Data value: 
[12:22:49][AssertEqualsKw][WARNING] Assertion failed. True was expected as the result. Condition: (Value of variable '' must contains expected text '[Klient3] >> This is a test message')
[12:22:49][NATTContext][INFO] Data has been stored in to the variable 'var-1'. Data value: 
[12:22:49][AssertEqualsKw][WARNING] Assertion failed. True was expected as the result. Condition: (Value of variable '' must contains expected text '[Klient1] >> Testing 123')
[12:22:49][TestSuiteKw][ERROR] Test suite 'Testování běžné komunikace' - Test case 'Zaklaní test komunikace 2' failed
[12:22:49][MessageBuffer][INFO] Message buffer cleared
[12:22:49][TestSuiteKw][INFO] Test case 'Test odeslání soukromé zprávy' starts executing now
[12:22:49][TelnetClient][INFO] (client-2) Message send: #sendPrivate Klient3 This is a private message
[12:22:49][WaitKw][INFO] Waiting: 1000 ms
[12:22:49][MessageBuffer][INFO] Message added to buffer [ Mod: client-2 | Tag:  ] Content: 'User Klient3 not found.'
[12:22:50][NATTContext][INFO] Data has been stored in to the variable 'var-1'. Data value: 
[12:22:50][NATTContext][INFO] Data has been stored in to the variable 'var-2'. Data value: 
[12:22:50][AssertEqualsKw][WARNING] Assertion failed. True was expected as the result. Condition: (Value of variable '' must contains expected text '[Klient2] >> This is a private message')
[12:22:50][TestSuiteKw][ERROR] Test suite 'Testování běžné komunikace' - Test case 'Test odeslání soukromé zprávy' failed
[12:22:51][MessageBuffer][INFO] Message buffer cleared
[12:22:51][MessageBuffer][INFO] Message buffer cleared
[12:22:51][TestSuiteKw][INFO] Test case 'Test vstoupení do diskuzní místnosti' starts executing now
[12:22:51][TelnetClient][INFO] (client-1) Message send: #join MyGroup1
[12:22:51][TelnetClient][INFO] (client-2) Message send: #join MyGroup1
[12:22:51][WaitKw][INFO] Waiting: 1000 ms
[12:22:52][TelnetClient][INFO] (client-1) Message send: #groups
[12:22:52][WaitKw][INFO] Waiting: 1000 ms
[12:22:52][MessageBuffer][INFO] Message added to buffer [ Mod: client-1 | Tag:  ] Content: 'Groups: MyGroup1,public'
[12:22:53][TelnetClient][INFO] (client-1) Message send: #leave public
[12:22:53][TelnetClient][INFO] (client-2) Message send: #leave public
[12:22:53][WaitKw][INFO] Waiting: 1000 ms
[12:22:54][TelnetClient][INFO] (client-1) Message send: #groups
[12:22:54][MessageBuffer][INFO] Message added to buffer [ Mod: client-1 | Tag:  ] Content: 'Groups: MyGroup1'
[12:22:54][WaitKw][INFO] Waiting: 1000 ms
[12:22:55][TestSuiteKw][INFO] Test suite 'Testování diskuzních místností' - Test case 'Test vstoupení do diskuzní místnosti' passed
[12:22:55][MessageBuffer][INFO] Message buffer cleared
[12:22:56][TestSuiteKw][INFO] Test case 'Test komunikace v diskuzní místnosti' starts executing now
[12:22:56][TelnetClient][INFO] (client-1) Message send: This is private message
[12:22:56][WaitKw][INFO] Waiting: 1000 ms
[12:22:57][AssertEqualsKw][WARNING] Assertion failed. True was expected as the result. Condition: (Value of variable 'User Klient3 not found.' must contains expected text 'This is private message')
[12:22:57][AssertEqualsKw][WARNING] Assertion failed. Variable 'client-3-last-msg' not found!
[12:22:57][TelnetClient][INFO] (client-3) Message send: #join MyGroup1
[12:22:57][WaitKw][INFO] Waiting: 1000 ms
[12:22:58][TelnetClient][INFO] (client-1) Message send: This is private message
[12:22:58][WaitKw][INFO] Waiting: 1000 ms
[12:22:59][AssertEqualsKw][WARNING] Assertion failed. Variable 'client-3-last-msg' not found!
[12:22:59][TestSuiteKw][ERROR] Test suite 'Testování diskuzních místností' - Test case 'Test komunikace v diskuzní místnosti' failed
[12:22:59][MessageBuffer][INFO] Message buffer cleared
[12:23:00][MessageBuffer][INFO] Message buffer cleared
[12:23:00][TestSuiteKw][INFO] Test case 'Test změny jména' starts executing now
[12:23:00][TelnetClient][INFO] (client-1) Message send: #setMyName NoveJmeno1
[12:23:00][WaitKw][INFO] Waiting: 1000 ms
[12:23:00][MessageBuffer][INFO] Message added to buffer [ Mod: client-2 | Tag:  ] Content: '[NoveJmeno1] >> Hello, world!'
[12:23:00][MessageBuffer][INFO] Message added to buffer [ Mod: client-3 | Tag:  ] Content: '[NoveJmeno1] >> Hello, world!'
[12:23:01][TelnetClient][INFO] (client-1) Message send: This is new message
[12:23:01][MessageBuffer][INFO] Message added to buffer [ Mod: default | Tag:  ] Content: 'This is new message'
[12:23:01][MessageBuffer][INFO] Message added to buffer [ Mod: client-2 | Tag:  ] Content: '[NoveJmeno1] >> This is new message'
[12:23:01][WaitKw][INFO] Waiting: 1000 ms
[12:23:01][MessageBuffer][INFO] Message added to buffer [ Mod: client-3 | Tag:  ] Content: '[NoveJmeno1] >> This is new message'
[12:23:02][TestSuiteKw][INFO] Test suite 'Testování příkazu pro změnů jména' - Test case 'Test změny jména' passed
[12:23:02][MessageBuffer][INFO] Message buffer cleared
[12:23:02][TestSuiteKw][INFO] Test case 'Test změny na neunikátní jméno' starts executing now
[12:23:02][TelnetClient][INFO] (client-1) Message send: #setMyName Klient2
[12:23:02][MessageBuffer][INFO] Message added to buffer [ Mod: client-2 | Tag:  ] Content: '[Klient2] >> Hello, world!'
[12:23:02][MessageBuffer][INFO] Message added to buffer [ Mod: client-3 | Tag:  ] Content: '[Klient2] >> Hello, world!'
[12:23:02][WaitKw][INFO] Waiting: 1000 ms
[12:23:03][TelnetClient][INFO] (client-1) Message send: This is new message
[12:23:03][MessageBuffer][INFO] Message added to buffer [ Mod: default | Tag:  ] Content: 'This is new message'
[12:23:03][MessageBuffer][INFO] Message added to buffer [ Mod: client-3 | Tag:  ] Content: '[Klient2] >> This is new message'
[12:23:03][WaitKw][INFO] Waiting: 1000 ms
[12:23:03][MessageBuffer][INFO] Message added to buffer [ Mod: client-2 | Tag:  ] Content: '[Klient2] >> This is new message'
[12:23:04][AssertEqualsKw][WARNING] Assertion failed. True was expected as the result. Condition: (Value of variable '[Klient2] >> This is new message' must contains expected text '[NoveJmeno1] >> This is new message')
[12:23:04][TestSuiteKw][ERROR] Test suite 'Testování příkazu pro změnů jména' - Test case 'Test změny na neunikátní jméno' failed
[12:23:05][MessageBuffer][INFO] Message buffer cleared
[12:23:05][MessageBuffer][INFO] Message buffer cleared
[12:23:05][MessageBuffer][INFO] Message buffer cleared
[12:23:05][ExternalProgramRunner][INFO] (default) Termiting external application
[12:23:05][ProcessManager][INFO] PID (8676) removed from file
[12:23:05][TelnetClient][WARNING] (client-1) Connection closed
[12:23:05][TelnetClient][WARNING] (client-2) Connection closed
[12:23:05][TelnetClient][INFO] (client-1) Telnet client [client-1] terminated
[12:23:05][TelnetClient][WARNING] (client-3) Connection closed
[12:23:05][TelnetClient][INFO] (client-2) Telnet client [client-2] terminated
[12:23:05][ProcessManager][INFO] PID (8676) removed from file
[12:23:05][TelnetClient][INFO] (client-3) Telnet client [client-3] terminated
[12:23:05][NATTCore][INFO] Test executing finished
[12:23:05][NATTCore][INFO] Start generating test report
[12:23:05][ExternalProgramRunner][WARNING] (default) External application ends with error: 1
[12:23:05][ExternalProgramRunner][WARNING] (default) Error message from external application: DBG>Input handler starting for /127.0.0.1:62378
DBG>Input handler starting for /127.0.0.1:62377
DBG>Output handler starting for /127.0.0.1:62377
DBG>Output handler starting for /127.0.0.1:62379
DBG>Output handler running for /127.0.0.1:62377
DBG>Input handler starting for /127.0.0.1:62379
DBG>Input handler running for /127.0.0.1:62377
DBG>Output handler starting for /127.0.0.1:62378
DBG>Output handler running for /127.0.0.1:62379
DBG>Input handler running for /127.0.0.1:62379
DBG>Input handler running for /127.0.0.1:62378
DBG>Output handler running for /127.0.0.1:62378
DBG>Message sent to /127.0.0.1:62378:User Klient3 not found.

DBG>Message sent to /127.0.0.1:62377:Groups: MyGroup1,public

DBG>Message sent to /127.0.0.1:62377:Groups: MyGroup1

DBG>Message sent to /127.0.0.1:62378:[NoveJmeno1] >> Hello, world!

DBG>Message sent to /127.0.0.1:62379:[NoveJmeno1] >> Hello, world!

DBG>Message sent to /127.0.0.1:62378:[NoveJmeno1] >> This is new message

DBG>Message sent to /127.0.0.1:62379:[NoveJmeno1] >> This is new message

DBG>Message sent to /127.0.0.1:62378:[Klient2] >> Hello, world!

DBG>Message sent to /127.0.0.1:62379:[Klient2] >> Hello, world!

DBG>Message sent to /127.0.0.1:62379:[Klient2] >> This is new message

DBG>Message sent to /127.0.0.1:62378:[Klient2] >> This is new message


[12:23:06][TestReportGenerator][INFO] Report saved to file
[12:23:06][NATTCore][WARNING] Failed test cases: "Zaklaní test komunikace 1", "Zaklaní test komunikace 2", "Test odeslání soukromé zprávy", "Test komunikace v diskuzní místnosti", "Test změny na neunikátní jméno"
[12:23:06][NATTCore][INFO] Final score: 3,142857
[12:23:06][NATTCore][ERROR] Testing done. Leaving status: FAILED
