[12:57:35][PluginLoader][INFO] No plugins found.
[12:57:35][ProcessManager][INFO] Process PID 2448 has been terminated.
[12:57:35][ProcessManager][INFO] PID (2448) removed from file
[12:57:35][NATTCore][INFO] NATT CORE initialization done
Version: 1.7.0 
Configuration path: https://gitlab.com/ap5vs/test-config/im-server-config/-/raw/main/test-config-4.yaml?ref_type=heads
Configuration loading mode: FROM URL
[12:57:35][NATTCore][INFO] Working directory path: C:\Users\grajc\Documents\GitHub\IM-Server
[12:57:35][NATTCore][INFO] Start loading of the configuration file ...
[12:57:36][NetworkIO][INFO] Yaml data has been loaded from network location (https://gitlab.com/ap5vs/test-config/im-server-config/-/raw/main/test-config-4.yaml?ref_type=heads)
[12:57:36][NATTCore][INFO] Configuration loading done
[12:57:36][NATTCore][INFO] Start building test structure according to the configuration ...
[12:57:36][NATTCore][INFO] Test structure ...
[12:57:36][NATTCore][INFO] Test structure building done
[12:57:36][NATTCore][INFO] Start test executing ...
[12:57:36][TestReportGenerator][INFO] Extenet reports generated. Final report will be saved to file: test_report.html
[12:57:36][NATTCore][INFO] Starts execution on the root keyword  ...
[12:57:36][MessageBuffer][INFO] Message buffer created for module with name: default
[12:57:36][ExternalProgramRunner][INFO] (default) Run external app with command: java -jar app/build/libs/app.jar 9999 10
[12:57:36][ProcessManager][INFO] New PID (28884) added to file
[12:57:36][WaitKw][INFO] Waiting: 3000 ms
[12:57:36][MessageBuffer][INFO] Message added to buffer [ Mod: default | Tag:  ] Content: 'IM server listening on port 9999, maximum nr. of connections=10...'
[12:57:39][MessageBuffer][INFO] Message buffer created for module with name: client-1
[12:57:39][TelnetClient][INFO] (client-1) Telnet client connected to host with the address: 'localhost' on port '9999'
[12:57:39][MessageBuffer][INFO] Message buffer created for module with name: client-2
[12:57:39][TelnetClient][INFO] (client-2) Telnet client connected to host with the address: 'localhost' on port '9999'
[12:57:39][MessageBuffer][INFO] Message buffer created for module with name: client-3
[12:57:39][TelnetClient][INFO] (client-3) Telnet client connected to host with the address: 'localhost' on port '9999'
[12:57:39][WaitKw][INFO] Waiting: 2000 ms
[12:57:41][TelnetClient][INFO] (client-1) Message send: Klient1
[12:57:41][TelnetClient][INFO] (client-2) Message send: Klient2
[12:57:41][TelnetClient][INFO] (client-3) Message send: Klient3
[12:57:41][WaitKw][INFO] Waiting: 800 ms
[12:57:42][TestSuiteKw][INFO] Test case 'Zaklaní test komunikace 1' starts executing now
[12:57:42][TelnetClient][INFO] (client-1) Message send: Hello, world!
[12:57:42][WaitKw][INFO] Waiting: 1000 ms
[12:57:43][AssertEqualsKw][WARNING] Assertion failed. Variable 'client-2-last-msg' not found!
[12:57:43][AssertEqualsKw][WARNING] Assertion failed. Variable 'client-3-last-msg' not found!
[12:57:43][TestSuiteKw][ERROR] Test suite 'Testování běžné komunikace' - Test case 'Zaklaní test komunikace 1' failed
[12:57:43][MessageBuffer][INFO] Message buffer cleared
[12:57:43][TestSuiteKw][INFO] Test case 'Zaklaní test komunikace 2' starts executing now
[12:57:43][TelnetClient][INFO] (client-1) Message send: Testing 123
[12:57:43][TelnetClient][INFO] (client-2) Message send: 12345 - 67890
[12:57:43][TelnetClient][INFO] (client-3) Message send: This is a test message
[12:57:43][WaitKw][INFO] Waiting: 1000 ms
[12:57:44][NATTContext][INFO] Data has been stored in to the variable 'var-1'. Data value: 
[12:57:44][AssertEqualsKw][WARNING] Assertion failed. True was expected as the result. Condition: (Value of variable '' must equals expected text '[Klient2] >> 12345 - 67890')
[12:57:44][NATTContext][INFO] Data has been stored in to the variable 'var-1'. Data value: 
[12:57:44][AssertEqualsKw][WARNING] Assertion failed. True was expected as the result. Condition: (Value of variable '' must contains expected text '[Klient3] >> This is a test message')
[12:57:44][NATTContext][INFO] Data has been stored in to the variable 'var-1'. Data value: 
[12:57:44][AssertEqualsKw][WARNING] Assertion failed. True was expected as the result. Condition: (Value of variable '' must contains expected text '[Klient1] >> Testing 123')
[12:57:44][TestSuiteKw][ERROR] Test suite 'Testování běžné komunikace' - Test case 'Zaklaní test komunikace 2' failed
[12:57:44][MessageBuffer][INFO] Message buffer cleared
[12:57:45][TestSuiteKw][INFO] Test case 'Test odeslání soukromé zprávy' starts executing now
[12:57:45][TelnetClient][INFO] (client-2) Message send: #sendPrivate Klient3 This is a private message
[12:57:45][WaitKw][INFO] Waiting: 1000 ms
[12:57:45][MessageBuffer][INFO] Message added to buffer [ Mod: client-2 | Tag:  ] Content: 'User Klient3 not found.'
[12:57:46][NATTContext][INFO] Data has been stored in to the variable 'var-1'. Data value: 
[12:57:46][NATTContext][INFO] Data has been stored in to the variable 'var-2'. Data value: 
[12:57:46][AssertEqualsKw][WARNING] Assertion failed. True was expected as the result. Condition: (Value of variable '' must contains expected text '[Klient2] >> This is a private message')
[12:57:46][TestSuiteKw][ERROR] Test suite 'Testování běžné komunikace' - Test case 'Test odeslání soukromé zprávy' failed
[12:57:46][MessageBuffer][INFO] Message buffer cleared
[12:57:47][MessageBuffer][INFO] Message buffer cleared
[12:57:47][TestSuiteKw][INFO] Test case 'Test vstoupení do diskuzní místnosti' starts executing now
[12:57:47][TelnetClient][INFO] (client-1) Message send: #join MyGroup1
[12:57:47][TelnetClient][INFO] (client-2) Message send: #join MyGroup1
[12:57:47][WaitKw][INFO] Waiting: 1000 ms
[12:57:48][TelnetClient][INFO] (client-1) Message send: #groups
[12:57:48][WaitKw][INFO] Waiting: 1000 ms
[12:57:48][MessageBuffer][INFO] Message added to buffer [ Mod: client-1 | Tag:  ] Content: 'Groups: MyGroup1,public'
[12:57:49][TelnetClient][INFO] (client-1) Message send: #leave public
[12:57:49][TelnetClient][INFO] (client-2) Message send: #leave public
[12:57:49][WaitKw][INFO] Waiting: 1000 ms
[12:57:50][TelnetClient][INFO] (client-1) Message send: #groups
[12:57:50][MessageBuffer][INFO] Message added to buffer [ Mod: client-1 | Tag:  ] Content: 'Groups: MyGroup1'
[12:57:50][WaitKw][INFO] Waiting: 1000 ms
[12:57:51][TestSuiteKw][INFO] Test suite 'Testování diskuzních místností' - Test case 'Test vstoupení do diskuzní místnosti' passed
[12:57:51][MessageBuffer][INFO] Message buffer cleared
[12:57:52][TestSuiteKw][INFO] Test case 'Test komunikace v diskuzní místnosti' starts executing now
[12:57:52][TelnetClient][INFO] (client-1) Message send: This is private message
[12:57:52][WaitKw][INFO] Waiting: 1000 ms
[12:57:53][AssertEqualsKw][WARNING] Assertion failed. True was expected as the result. Condition: (Value of variable 'User Klient3 not found.' must contains expected text 'This is private message')
[12:57:53][AssertEqualsKw][WARNING] Assertion failed. Variable 'client-3-last-msg' not found!
[12:57:53][TelnetClient][INFO] (client-3) Message send: #join MyGroup1
[12:57:53][WaitKw][INFO] Waiting: 1000 ms
[12:57:54][TelnetClient][INFO] (client-1) Message send: This is private message
[12:57:54][WaitKw][INFO] Waiting: 1000 ms
[12:57:55][AssertEqualsKw][WARNING] Assertion failed. Variable 'client-3-last-msg' not found!
[12:57:55][TestSuiteKw][ERROR] Test suite 'Testování diskuzních místností' - Test case 'Test komunikace v diskuzní místnosti' failed
[12:57:55][MessageBuffer][INFO] Message buffer cleared
[12:57:55][MessageBuffer][INFO] Message buffer cleared
[12:57:55][TestSuiteKw][INFO] Test case 'Test změny jména' starts executing now
[12:57:55][TelnetClient][INFO] (client-1) Message send: #setMyName NoveJmeno1
[12:57:55][WaitKw][INFO] Waiting: 1000 ms
[12:57:55][MessageBuffer][INFO] Message added to buffer [ Mod: client-3 | Tag:  ] Content: '[NoveJmeno1] >> Hello, world!'
[12:57:55][MessageBuffer][INFO] Message added to buffer [ Mod: client-2 | Tag:  ] Content: '[NoveJmeno1] >> Hello, world!'
[12:57:56][TelnetClient][INFO] (client-1) Message send: This is new message
[12:57:56][MessageBuffer][INFO] Message added to buffer [ Mod: default | Tag:  ] Content: 'This is new message'
[12:57:56][MessageBuffer][INFO] Message added to buffer [ Mod: client-3 | Tag:  ] Content: '[NoveJmeno1] >> This is new message'
[12:57:56][WaitKw][INFO] Waiting: 1000 ms
[12:57:56][MessageBuffer][INFO] Message added to buffer [ Mod: client-2 | Tag:  ] Content: '[NoveJmeno1] >> This is new message'
[12:57:57][TestSuiteKw][INFO] Test suite 'Testování příkazu pro změnů jména' - Test case 'Test změny jména' passed
[12:57:58][MessageBuffer][INFO] Message buffer cleared
[12:57:58][TestSuiteKw][INFO] Test case 'Test změny na neunikátní jméno' starts executing now
[12:57:58][TelnetClient][INFO] (client-1) Message send: #setMyName Klient2
[12:57:58][WaitKw][INFO] Waiting: 1000 ms
[12:57:58][MessageBuffer][INFO] Message added to buffer [ Mod: client-3 | Tag:  ] Content: '[Klient2] >> Hello, world!'
[12:57:58][MessageBuffer][INFO] Message added to buffer [ Mod: client-2 | Tag:  ] Content: '[Klient2] >> Hello, world!'
[12:57:59][TelnetClient][INFO] (client-1) Message send: This is new message
[12:57:59][MessageBuffer][INFO] Message added to buffer [ Mod: default | Tag:  ] Content: 'This is new message'
[12:57:59][MessageBuffer][INFO] Message added to buffer [ Mod: client-3 | Tag:  ] Content: '[Klient2] >> This is new message'
[12:57:59][MessageBuffer][INFO] Message added to buffer [ Mod: client-2 | Tag:  ] Content: '[Klient2] >> This is new message'
[12:57:59][WaitKw][INFO] Waiting: 1000 ms
[12:58:00][AssertEqualsKw][WARNING] Assertion failed. True was expected as the result. Condition: (Value of variable '[Klient2] >> This is new message' must contains expected text '[NoveJmeno1] >> This is new message')
[12:58:00][TestSuiteKw][ERROR] Test suite 'Testování příkazu pro změnů jména' - Test case 'Test změny na neunikátní jméno' failed
[12:58:00][MessageBuffer][INFO] Message buffer cleared
[12:58:01][MessageBuffer][INFO] Message buffer cleared
[12:58:01][MessageBuffer][INFO] Message buffer cleared
[12:58:01][ExternalProgramRunner][INFO] (default) Termiting external application
[12:58:01][ProcessManager][INFO] PID (28884) removed from file
[12:58:01][TelnetClient][INFO] (client-1) Telnet client [client-1] terminated
[12:58:01][TelnetClient][WARNING] (client-2) Connection closed
[12:58:01][TelnetClient][WARNING] (client-3) Connection closed
[12:58:01][TelnetClient][WARNING] (client-1) Connection closed
[12:58:01][TelnetClient][INFO] (client-2) Telnet client [client-2] terminated
[12:58:01][TelnetClient][INFO] (client-3) Telnet client [client-3] terminated
[12:58:01][ProcessManager][INFO] PID (28884) removed from file
[12:58:01][NATTCore][INFO] Test executing finished
[12:58:01][NATTCore][INFO] Start generating test report
[12:58:01][ExternalProgramRunner][WARNING] (default) External application ends with error: 1
[12:58:01][ExternalProgramRunner][WARNING] (default) Error message from external application: DBG>Input handler starting for /127.0.0.1:50262
DBG>Output handler starting for /127.0.0.1:50262
DBG>Output handler starting for /127.0.0.1:50264
DBG>Output handler running for /127.0.0.1:50262
DBG>Input handler starting for /127.0.0.1:50264
DBG>Output handler running for /127.0.0.1:50264
DBG>Input handler running for /127.0.0.1:50264
DBG>Input handler running for /127.0.0.1:50262
DBG>Input handler starting for /127.0.0.1:50263
DBG>Output handler starting for /127.0.0.1:50263
DBG>Output handler running for /127.0.0.1:50263
DBG>Input handler running for /127.0.0.1:50263
DBG>Message sent to /127.0.0.1:50263:User Klient3 not found.

DBG>Message sent to /127.0.0.1:50262:Groups: MyGroup1,public

DBG>Message sent to /127.0.0.1:50262:Groups: MyGroup1

DBG>Message sent to /127.0.0.1:50264:[NoveJmeno1] >> Hello, world!

DBG>Message sent to /127.0.0.1:50263:[NoveJmeno1] >> Hello, world!

DBG>Message sent to /127.0.0.1:50263:[NoveJmeno1] >> This is new message

DBG>Message sent to /127.0.0.1:50264:[NoveJmeno1] >> This is new message

DBG>Message sent to /127.0.0.1:50264:[Klient2] >> Hello, world!

DBG>Message sent to /127.0.0.1:50263:[Klient2] >> Hello, world!

DBG>Message sent to /127.0.0.1:50264:[Klient2] >> This is new message

DBG>Message sent to /127.0.0.1:50263:[Klient2] >> This is new message


[12:58:01][TestReportGenerator][INFO] Report saved to file
[12:58:01][NATTCore][WARNING] Failed test cases: "Zaklaní test komunikace 1", "Zaklaní test komunikace 2", "Test odeslání soukromé zprávy", "Test komunikace v diskuzní místnosti", "Test změny na neunikátní jméno"
[12:58:01][NATTCore][INFO] Final score: 3,142857
[12:58:01][NATTCore][ERROR] Testing done. Leaving status: FAILED
