[11:00:37][PluginLoader][INFO] No plugins found.
[11:00:37][NATTCore][INFO] NATT CORE initialization done
Version: 1.7.0 
Configuration path: https://gitlab.com/ap5vs/test-config/im-server-config/-/raw/main/test-config-4.yaml?ref_type=heads
Configuration loading mode: FROM URL
[11:00:37][NATTCore][INFO] Working directory path: C:\Users\grajc\Documents\GitHub\IM-Server
[11:00:37][NATTCore][INFO] Start loading of the configuration file ...
[11:00:38][NetworkIO][INFO] Yaml data has been loaded from network location (https://gitlab.com/ap5vs/test-config/im-server-config/-/raw/main/test-config-4.yaml?ref_type=heads)
[11:00:38][NATTCore][INFO] Configuration loading done
[11:00:38][NATTCore][INFO] Start building test structure according to the configuration ...
[11:00:38][NATTCore][INFO] Test structure ...
[11:00:38][NATTCore][INFO] Test structure building done
[11:00:38][NATTCore][INFO] Start test executing ...
[11:00:38][TestReportGenerator][INFO] Extenet reports generated. Final report will be saved to file: test_report.html
[11:00:38][NATTCore][INFO] Starts execution on the root keyword  ...
[11:00:38][MessageBuffer][INFO] Message buffer created for module with name: default
[11:00:38][ExternalProgramRunner][INFO] (default) Run external app with command: java -jar app/build/libs/app.jar 9999 10
[11:00:38][ProcessManager][INFO] New PID (8672) added to file
[11:00:38][WaitKw][INFO] Waiting: 3000 ms
[11:00:38][MessageBuffer][INFO] Message added to buffer [ Mod: default | Tag:  ] Content: 'IM server listening on port 9999, maximum nr. of connections=10...'
[11:00:41][MessageBuffer][INFO] Message buffer created for module with name: client-1
[11:00:41][TelnetClient][INFO] (client-1) Telnet client connected to host with the address: 'localhost' on port '9999'
[11:00:41][MessageBuffer][INFO] Message buffer created for module with name: client-2
[11:00:41][TelnetClient][INFO] (client-2) Telnet client connected to host with the address: 'localhost' on port '9999'
[11:00:41][MessageBuffer][INFO] Message buffer created for module with name: client-3
[11:00:41][TelnetClient][INFO] (client-3) Telnet client connected to host with the address: 'localhost' on port '9999'
[11:00:41][WaitKw][INFO] Waiting: 2000 ms
[11:00:43][TelnetClient][INFO] (client-1) Message send: Klient1
[11:00:43][TelnetClient][INFO] (client-2) Message send: Klient2
[11:00:43][TelnetClient][INFO] (client-3) Message send: Klient3
[11:00:43][WaitKw][INFO] Waiting: 800 ms
[11:00:44][TestSuiteKw][INFO] Test case 'Zaklaní test komunikace 1' starts executing now
[11:00:44][TelnetClient][INFO] (client-1) Message send: Hello, world!
[11:00:44][WaitKw][INFO] Waiting: 1000 ms
[11:00:45][AssertEqualsKw][WARNING] Assertion failed. Variable 'client-2-last-msg' not found!
[11:00:45][AssertEqualsKw][WARNING] Assertion failed. Variable 'client-3-last-msg' not found!
[11:00:45][TestSuiteKw][ERROR] Test suite 'Testování běžné komunikace' - Test case 'Zaklaní test komunikace 1' failed
[11:00:45][MessageBuffer][INFO] Message buffer cleared
[11:00:46][TestSuiteKw][INFO] Test case 'Zaklaní test komunikace 2' starts executing now
[11:00:46][TelnetClient][INFO] (client-1) Message send: Testing 123
[11:00:46][TelnetClient][INFO] (client-2) Message send: 12345 - 67890
[11:00:46][TelnetClient][INFO] (client-3) Message send: This is a test message
[11:00:46][WaitKw][INFO] Waiting: 1000 ms
[11:00:47][NATTContext][INFO] Data has been stored in to the variable 'var-1'. Data value: 
[11:00:47][AssertEqualsKw][WARNING] Assertion failed. True was expected as the result. Condition: (Value of variable '' must equals expected text '[Klient2] >> 12345 - 67890')
[11:00:47][NATTContext][INFO] Data has been stored in to the variable 'var-1'. Data value: 
[11:00:47][AssertEqualsKw][WARNING] Assertion failed. True was expected as the result. Condition: (Value of variable '' must contains expected text '[Klient3] >> This is a test message')
[11:00:47][NATTContext][INFO] Data has been stored in to the variable 'var-1'. Data value: 
[11:00:47][AssertEqualsKw][WARNING] Assertion failed. True was expected as the result. Condition: (Value of variable '' must contains expected text '[Klient1] >> Testing 123')
[11:00:47][TestSuiteKw][ERROR] Test suite 'Testování běžné komunikace' - Test case 'Zaklaní test komunikace 2' failed
[11:00:47][MessageBuffer][INFO] Message buffer cleared
[11:00:47][TestSuiteKw][INFO] Test case 'Test odeslání soukromé zprávy' starts executing now
[11:00:47][TelnetClient][INFO] (client-2) Message send: #sendPrivate Klient3 This is a private message
[11:00:47][WaitKw][INFO] Waiting: 1000 ms
[11:00:47][MessageBuffer][INFO] Message added to buffer [ Mod: client-2 | Tag:  ] Content: 'User Klient3 not found.'
[11:00:48][NATTContext][INFO] Data has been stored in to the variable 'var-1'. Data value: 
[11:00:48][NATTContext][INFO] Data has been stored in to the variable 'var-2'. Data value: 
[11:00:48][AssertEqualsKw][WARNING] Assertion failed. True was expected as the result. Condition: (Value of variable '' must contains expected text '[Klient2] >> This is a private message')
[11:00:48][TestSuiteKw][ERROR] Test suite 'Testování běžné komunikace' - Test case 'Test odeslání soukromé zprávy' failed
[11:00:48][MessageBuffer][INFO] Message buffer cleared
[11:00:49][MessageBuffer][INFO] Message buffer cleared
[11:00:49][TestSuiteKw][INFO] Test case 'Test vstoupení do diskuzní místnosti' starts executing now
[11:00:49][TelnetClient][INFO] (client-1) Message send: #join MyGroup1
[11:00:49][TelnetClient][INFO] (client-2) Message send: #join MyGroup1
[11:00:49][WaitKw][INFO] Waiting: 1000 ms
[11:00:50][TelnetClient][INFO] (client-1) Message send: #groups
[11:00:50][WaitKw][INFO] Waiting: 1000 ms
[11:00:50][MessageBuffer][INFO] Message added to buffer [ Mod: client-1 | Tag:  ] Content: 'Groups: MyGroup1'
[11:00:51][TelnetClient][INFO] (client-1) Message send: #leave public
[11:00:51][TelnetClient][INFO] (client-2) Message send: #leave public
[11:00:51][WaitKw][INFO] Waiting: 1000 ms
[11:00:52][TelnetClient][INFO] (client-1) Message send: #groups
[11:00:52][MessageBuffer][INFO] Message added to buffer [ Mod: client-1 | Tag:  ] Content: 'Groups: MyGroup1'
[11:00:52][WaitKw][INFO] Waiting: 1000 ms
[11:00:53][TestSuiteKw][INFO] Test suite 'Testování diskuzních místností' - Test case 'Test vstoupení do diskuzní místnosti' passed
[11:00:53][MessageBuffer][INFO] Message buffer cleared
[11:00:54][TestSuiteKw][INFO] Test case 'Test komunikace v diskuzní místnosti' starts executing now
[11:00:54][TelnetClient][INFO] (client-1) Message send: This is private message
[11:00:54][WaitKw][INFO] Waiting: 1000 ms
[11:00:55][AssertEqualsKw][WARNING] Assertion failed. True was expected as the result. Condition: (Value of variable 'User Klient3 not found.' must contains expected text 'This is private message')
[11:00:55][AssertEqualsKw][WARNING] Assertion failed. Variable 'client-3-last-msg' not found!
[11:00:55][TelnetClient][INFO] (client-3) Message send: #join MyGroup1
[11:00:55][WaitKw][INFO] Waiting: 1000 ms
[11:00:56][TelnetClient][INFO] (client-1) Message send: This is private message
[11:00:56][WaitKw][INFO] Waiting: 1000 ms
[11:00:57][AssertEqualsKw][WARNING] Assertion failed. Variable 'client-3-last-msg' not found!
[11:00:57][TestSuiteKw][ERROR] Test suite 'Testování diskuzních místností' - Test case 'Test komunikace v diskuzní místnosti' failed
[11:00:57][MessageBuffer][INFO] Message buffer cleared
[11:00:58][MessageBuffer][INFO] Message buffer cleared
[11:00:58][TestSuiteKw][INFO] Test case 'Test změny jména' starts executing now
[11:00:58][TelnetClient][INFO] (client-1) Message send: #setMyName NoveJmeno1
[11:00:58][WaitKw][INFO] Waiting: 1000 ms
[11:00:58][MessageBuffer][INFO] Message added to buffer [ Mod: default | Tag:  ] Content: '[NoveJmeno1] >> #setMyName NoveJmeno1'
[11:00:58][MessageBuffer][INFO] Message added to buffer [ Mod: client-1 | Tag:  ] Content: 'Your name has been set to NoveJmeno1'
[11:00:58][MessageBuffer][INFO] Message added to buffer [ Mod: client-3 | Tag:  ] Content: '[NoveJmeno1] >> [NoveJmeno1] >> #setMyName NoveJmeno1'
[11:00:58][MessageBuffer][INFO] Message added to buffer [ Mod: client-2 | Tag:  ] Content: '[NoveJmeno1] >> [NoveJmeno1] >> #setMyName NoveJmeno1'
[11:00:59][TelnetClient][INFO] (client-1) Message send: This is new message
[11:00:59][MessageBuffer][INFO] Message added to buffer [ Mod: default | Tag:  ] Content: '[NoveJmeno1] >> This is new message'
[11:00:59][WaitKw][INFO] Waiting: 1000 ms
[11:00:59][MessageBuffer][INFO] Message added to buffer [ Mod: client-3 | Tag:  ] Content: '[NoveJmeno1] >> [NoveJmeno1] >> This is new message'
[11:00:59][MessageBuffer][INFO] Message added to buffer [ Mod: client-2 | Tag:  ] Content: '[NoveJmeno1] >> [NoveJmeno1] >> This is new message'
[11:01:00][TestSuiteKw][INFO] Test suite 'Testování příkazu pro změnů jména' - Test case 'Test změny jména' passed
[11:01:00][MessageBuffer][INFO] Message buffer cleared
[11:01:00][TestSuiteKw][INFO] Test case 'Test změny na neunikátní jméno' starts executing now
[11:01:00][TelnetClient][INFO] (client-1) Message send: #setMyName Klient2
[11:01:00][MessageBuffer][INFO] Message added to buffer [ Mod: default | Tag:  ] Content: '[Klient2] >> #setMyName Klient2'
[11:01:00][WaitKw][INFO] Waiting: 1000 ms
[11:01:00][MessageBuffer][INFO] Message added to buffer [ Mod: client-1 | Tag:  ] Content: 'Your name has been set to Klient2'
[11:01:00][MessageBuffer][INFO] Message added to buffer [ Mod: client-2 | Tag:  ] Content: '[Klient2] >> [Klient2] >> #setMyName Klient2'
[11:01:00][MessageBuffer][INFO] Message added to buffer [ Mod: client-3 | Tag:  ] Content: '[Klient2] >> [Klient2] >> #setMyName Klient2'
[11:01:01][TelnetClient][INFO] (client-1) Message send: This is new message
[11:01:01][MessageBuffer][INFO] Message added to buffer [ Mod: default | Tag:  ] Content: '[Klient2] >> This is new message'
[11:01:01][WaitKw][INFO] Waiting: 1000 ms
[11:01:01][MessageBuffer][INFO] Message added to buffer [ Mod: client-3 | Tag:  ] Content: '[Klient2] >> [Klient2] >> This is new message'
[11:01:01][MessageBuffer][INFO] Message added to buffer [ Mod: client-2 | Tag:  ] Content: '[Klient2] >> [Klient2] >> This is new message'
[11:01:02][AssertEqualsKw][WARNING] Assertion failed. True was expected as the result. Condition: (Value of variable '[Klient2] >> [Klient2] >> This is new message' must contains expected text '[NoveJmeno1] >> This is new message')
[11:01:02][TestSuiteKw][ERROR] Test suite 'Testování příkazu pro změnů jména' - Test case 'Test změny na neunikátní jméno' failed
[11:01:02][MessageBuffer][INFO] Message buffer cleared
[11:01:03][MessageBuffer][INFO] Message buffer cleared
[11:01:03][MessageBuffer][INFO] Message buffer cleared
[11:01:03][ExternalProgramRunner][INFO] (default) Termiting external application
[11:01:03][TelnetClient][WARNING] (client-2) Connection closed
[11:01:03][ProcessManager][INFO] PID (8672) removed from file
[11:01:03][TelnetClient][WARNING] (client-1) Connection closed
[11:01:03][TelnetClient][WARNING] (client-3) Connection closed
[11:01:03][ProcessManager][INFO] PID (8672) removed from file
[11:01:03][TelnetClient][INFO] (client-1) Telnet client [client-1] terminated
[11:01:03][TelnetClient][INFO] (client-2) Telnet client [client-2] terminated
[11:01:03][TelnetClient][INFO] (client-3) Telnet client [client-3] terminated
[11:01:03][NATTCore][INFO] Test executing finished
[11:01:03][NATTCore][INFO] Start generating test report
[11:01:03][ExternalProgramRunner][WARNING] (default) External application ends with error: 1
[11:01:03][ExternalProgramRunner][WARNING] (default) Error message from external application: DBG>Input handler starting for /127.0.0.1:59725
DBG>Input handler starting for /127.0.0.1:59724
DBG>Input handler starting for /127.0.0.1:59726
DBG>Output handler starting for /127.0.0.1:59724
DBG>Output handler running for /127.0.0.1:59724
DBG>Output handler starting for /127.0.0.1:59726
DBG>Output handler running for /127.0.0.1:59726
DBG>Output handler starting for /127.0.0.1:59725
DBG>Output handler running for /127.0.0.1:59725
DBG>Input handler running for /127.0.0.1:59725
DBG>Input handler running for /127.0.0.1:59726
DBG>Input handler running for /127.0.0.1:59724
DBG>Message sent to /127.0.0.1:59725:User Klient3 not found.

DBG>Message sent to /127.0.0.1:59724:Groups: MyGroup1

DBG>Message sent to /127.0.0.1:59724:Groups: MyGroup1

DBG>Message sent to /127.0.0.1:59724:Your name has been set to NoveJmeno1

DBG>Message sent to /127.0.0.1:59726:[NoveJmeno1] >> [NoveJmeno1] >> #setMyName NoveJmeno1

DBG>Message sent to /127.0.0.1:59725:[NoveJmeno1] >> [NoveJmeno1] >> #setMyName NoveJmeno1

DBG>Message sent to /127.0.0.1:59725:[NoveJmeno1] >> [NoveJmeno1] >> This is new message

DBG>Message sent to /127.0.0.1:59726:[NoveJmeno1] >> [NoveJmeno1] >> This is new message

DBG>Message sent to /127.0.0.1:59724:Your name has been set to Klient2

DBG>Message sent to /127.0.0.1:59726:[Klient2] >> [Klient2] >> #setMyName Klient2

DBG>Message sent to /127.0.0.1:59725:[Klient2] >> [Klient2] >> #setMyName Klient2

DBG>Message sent to /127.0.0.1:59725:[Klient2] >> [Klient2] >> This is new message

DBG>Message sent to /127.0.0.1:59726:[Klient2] >> [Klient2] >> This is new message


[11:01:03][TestReportGenerator][INFO] Report saved to file
[11:01:03][NATTCore][WARNING] Failed test cases: "Zaklaní test komunikace 1", "Zaklaní test komunikace 2", "Test odeslání soukromé zprávy", "Test komunikace v diskuzní místnosti", "Test změny na neunikátní jméno"
[11:01:03][NATTCore][INFO] Final score: 3,142857
[11:01:03][NATTCore][ERROR] Testing done. Leaving status: FAILED
