[11:27:39][PluginLoader][INFO] No plugins found.
[11:27:39][NATTCore][INFO] NATT CORE initialization done
Version: 1.7.0 
Configuration path: https://gitlab.com/ap5vs/test-config/im-server-config/-/raw/main/test-config-4.yaml?ref_type=heads
Configuration loading mode: FROM URL
[11:27:39][NATTCore][INFO] Working directory path: C:\Users\grajc\Documents\GitHub\IM-Server
[11:27:39][NATTCore][INFO] Start loading of the configuration file ...
[11:27:39][NetworkIO][INFO] Yaml data has been loaded from network location (https://gitlab.com/ap5vs/test-config/im-server-config/-/raw/main/test-config-4.yaml?ref_type=heads)
[11:27:39][NATTCore][INFO] Configuration loading done
[11:27:39][NATTCore][INFO] Start building test structure according to the configuration ...
[11:27:39][NATTCore][INFO] Test structure ...
[11:27:40][NATTCore][INFO] Test structure building done
[11:27:40][NATTCore][INFO] Start test executing ...
[11:27:40][TestReportGenerator][INFO] Extenet reports generated. Final report will be saved to file: test_report.html
[11:27:40][NATTCore][INFO] Starts execution on the root keyword  ...
[11:27:40][MessageBuffer][INFO] Message buffer created for module with name: default
[11:27:40][ExternalProgramRunner][INFO] (default) Run external app with command: java -jar app/build/libs/app.jar 9999 10
[11:27:40][ProcessManager][INFO] New PID (8616) added to file
[11:27:40][WaitKw][INFO] Waiting: 3000 ms
[11:27:40][MessageBuffer][INFO] Message added to buffer [ Mod: default | Tag:  ] Content: 'IM server listening on port 9999, maximum nr. of connections=10...'
[11:27:43][MessageBuffer][INFO] Message buffer created for module with name: client-1
[11:27:43][TelnetClient][INFO] (client-1) Telnet client connected to host with the address: 'localhost' on port '9999'
[11:27:43][MessageBuffer][INFO] Message buffer created for module with name: client-2
[11:27:43][TelnetClient][INFO] (client-2) Telnet client connected to host with the address: 'localhost' on port '9999'
[11:27:43][MessageBuffer][INFO] Message buffer created for module with name: client-3
[11:27:43][TelnetClient][INFO] (client-3) Telnet client connected to host with the address: 'localhost' on port '9999'
[11:27:43][WaitKw][INFO] Waiting: 2000 ms
[11:27:45][TelnetClient][INFO] (client-1) Message send: Klient1
[11:27:45][TelnetClient][INFO] (client-2) Message send: Klient2
[11:27:45][TelnetClient][INFO] (client-3) Message send: Klient3
[11:27:45][WaitKw][INFO] Waiting: 800 ms
[11:27:46][TestSuiteKw][INFO] Test case 'Zaklaní test komunikace 1' starts executing now
[11:27:46][TelnetClient][INFO] (client-1) Message send: Hello, world!
[11:27:46][WaitKw][INFO] Waiting: 1000 ms
[11:27:47][AssertEqualsKw][WARNING] Assertion failed. Variable 'client-2-last-msg' not found!
[11:27:47][AssertEqualsKw][WARNING] Assertion failed. Variable 'client-3-last-msg' not found!
[11:27:47][TestSuiteKw][ERROR] Test suite 'Testování běžné komunikace' - Test case 'Zaklaní test komunikace 1' failed
[11:27:47][MessageBuffer][INFO] Message buffer cleared
[11:27:47][TestSuiteKw][INFO] Test case 'Zaklaní test komunikace 2' starts executing now
[11:27:47][TelnetClient][INFO] (client-1) Message send: Testing 123
[11:27:47][TelnetClient][INFO] (client-2) Message send: 12345 - 67890
[11:27:47][TelnetClient][INFO] (client-3) Message send: This is a test message
[11:27:47][WaitKw][INFO] Waiting: 1000 ms
[11:27:48][NATTContext][INFO] Data has been stored in to the variable 'var-1'. Data value: 
[11:27:48][AssertEqualsKw][WARNING] Assertion failed. True was expected as the result. Condition: (Value of variable '' must equals expected text '[Klient2] >> 12345 - 67890')
[11:27:48][NATTContext][INFO] Data has been stored in to the variable 'var-1'. Data value: 
[11:27:48][AssertEqualsKw][WARNING] Assertion failed. True was expected as the result. Condition: (Value of variable '' must contains expected text '[Klient3] >> This is a test message')
[11:27:48][NATTContext][INFO] Data has been stored in to the variable 'var-1'. Data value: 
[11:27:48][AssertEqualsKw][WARNING] Assertion failed. True was expected as the result. Condition: (Value of variable '' must contains expected text '[Klient1] >> Testing 123')
[11:27:48][TestSuiteKw][ERROR] Test suite 'Testování běžné komunikace' - Test case 'Zaklaní test komunikace 2' failed
[11:27:48][MessageBuffer][INFO] Message buffer cleared
[11:27:49][TestSuiteKw][INFO] Test case 'Test odeslání soukromé zprávy' starts executing now
[11:27:49][TelnetClient][INFO] (client-2) Message send: #sendPrivate Klient3 This is a private message
[11:27:49][WaitKw][INFO] Waiting: 1000 ms
[11:27:49][MessageBuffer][INFO] Message added to buffer [ Mod: client-2 | Tag:  ] Content: 'User Klient3 not found.'
[11:27:50][NATTContext][INFO] Data has been stored in to the variable 'var-1'. Data value: 
[11:27:50][NATTContext][INFO] Data has been stored in to the variable 'var-2'. Data value: 
[11:27:50][AssertEqualsKw][WARNING] Assertion failed. True was expected as the result. Condition: (Value of variable '' must contains expected text '[Klient2] >> This is a private message')
[11:27:50][TestSuiteKw][ERROR] Test suite 'Testování běžné komunikace' - Test case 'Test odeslání soukromé zprávy' failed
[11:27:50][MessageBuffer][INFO] Message buffer cleared
[11:27:51][MessageBuffer][INFO] Message buffer cleared
[11:27:51][TestSuiteKw][INFO] Test case 'Test vstoupení do diskuzní místnosti' starts executing now
[11:27:51][TelnetClient][INFO] (client-1) Message send: #join MyGroup1
[11:27:51][TelnetClient][INFO] (client-2) Message send: #join MyGroup1
[11:27:51][WaitKw][INFO] Waiting: 1000 ms
[11:27:52][TelnetClient][INFO] (client-1) Message send: #groups
[11:27:52][WaitKw][INFO] Waiting: 1000 ms
[11:27:52][MessageBuffer][INFO] Message added to buffer [ Mod: client-1 | Tag:  ] Content: 'Groups: MyGroup1'
[11:27:53][TelnetClient][INFO] (client-1) Message send: #leave public
[11:27:53][TelnetClient][INFO] (client-2) Message send: #leave public
[11:27:53][WaitKw][INFO] Waiting: 1000 ms
[11:27:54][TelnetClient][INFO] (client-1) Message send: #groups
[11:27:54][MessageBuffer][INFO] Message added to buffer [ Mod: client-1 | Tag:  ] Content: 'Groups: MyGroup1'
[11:27:54][WaitKw][INFO] Waiting: 1000 ms
[11:27:55][TestSuiteKw][INFO] Test suite 'Testování diskuzních místností' - Test case 'Test vstoupení do diskuzní místnosti' passed
[11:27:55][MessageBuffer][INFO] Message buffer cleared
[11:27:55][TestSuiteKw][INFO] Test case 'Test komunikace v diskuzní místnosti' starts executing now
[11:27:55][TelnetClient][INFO] (client-1) Message send: This is private message
[11:27:55][WaitKw][INFO] Waiting: 1000 ms
[11:27:56][AssertEqualsKw][WARNING] Assertion failed. True was expected as the result. Condition: (Value of variable 'User Klient3 not found.' must contains expected text 'This is private message')
[11:27:56][AssertEqualsKw][WARNING] Assertion failed. Variable 'client-3-last-msg' not found!
[11:27:56][TelnetClient][INFO] (client-3) Message send: #join MyGroup1
[11:27:56][WaitKw][INFO] Waiting: 1000 ms
[11:27:57][TelnetClient][INFO] (client-1) Message send: This is private message
[11:27:57][WaitKw][INFO] Waiting: 1000 ms
[11:27:58][AssertEqualsKw][WARNING] Assertion failed. Variable 'client-3-last-msg' not found!
[11:27:58][TestSuiteKw][ERROR] Test suite 'Testování diskuzních místností' - Test case 'Test komunikace v diskuzní místnosti' failed
[11:27:59][MessageBuffer][INFO] Message buffer cleared
[11:27:59][MessageBuffer][INFO] Message buffer cleared
[11:27:59][TestSuiteKw][INFO] Test case 'Test změny jména' starts executing now
[11:27:59][TelnetClient][INFO] (client-1) Message send: #setMyName NoveJmeno1
[11:27:59][WaitKw][INFO] Waiting: 1000 ms
[11:27:59][MessageBuffer][INFO] Message added to buffer [ Mod: client-2 | Tag:  ] Content: '[null] >> Hello world'
[11:27:59][MessageBuffer][INFO] Message added to buffer [ Mod: client-3 | Tag:  ] Content: '[null] >> Hello world'
[11:27:59][MessageBuffer][INFO] Message added to buffer [ Mod: default | Tag:  ] Content: '#setMyName NoveJmeno1'
[11:27:59][MessageBuffer][INFO] Message added to buffer [ Mod: client-2 | Tag:  ] Content: '[null] >> #setMyName NoveJmeno1'
[11:27:59][MessageBuffer][INFO] Message added to buffer [ Mod: client-1 | Tag:  ] Content: 'Your name has been set to NoveJmeno1'
[11:27:59][MessageBuffer][INFO] Message added to buffer [ Mod: client-3 | Tag:  ] Content: '[null] >> #setMyName NoveJmeno1'
[11:28:00][TelnetClient][INFO] (client-1) Message send: This is new message
[11:28:00][MessageBuffer][INFO] Message added to buffer [ Mod: default | Tag:  ] Content: 'This is new message'
[11:28:00][MessageBuffer][INFO] Message added to buffer [ Mod: client-2 | Tag:  ] Content: '[null] >> This is new message'
[11:28:00][MessageBuffer][INFO] Message added to buffer [ Mod: client-3 | Tag:  ] Content: '[null] >> This is new message'
[11:28:00][WaitKw][INFO] Waiting: 1000 ms
[11:28:01][AssertEqualsKw][WARNING] Assertion failed. True was expected as the result. Condition: (Value of variable '[null] >> This is new message' must contains expected text '[NoveJmeno1] >> This is new message')
[11:28:01][TestSuiteKw][ERROR] Test suite 'Testování příkazu pro změnů jména' - Test case 'Test změny jména' failed
[11:28:01][MessageBuffer][INFO] Message buffer cleared
[11:28:02][TestSuiteKw][INFO] Test case 'Test změny na neunikátní jméno' starts executing now
[11:28:02][TelnetClient][INFO] (client-1) Message send: #setMyName Klient2
[11:28:02][MessageBuffer][INFO] Message added to buffer [ Mod: default | Tag:  ] Content: '#setMyName Klient2'
[11:28:02][MessageBuffer][INFO] Message added to buffer [ Mod: client-1 | Tag:  ] Content: 'Your name has been set to Klient2'
[11:28:02][MessageBuffer][INFO] Message added to buffer [ Mod: client-2 | Tag:  ] Content: '[null] >> Hello world'
[11:28:02][MessageBuffer][INFO] Message added to buffer [ Mod: client-3 | Tag:  ] Content: '[null] >> Hello world'
[11:28:02][WaitKw][INFO] Waiting: 1000 ms
[11:28:02][MessageBuffer][INFO] Message added to buffer [ Mod: client-2 | Tag:  ] Content: '[null] >> #setMyName Klient2'
[11:28:02][MessageBuffer][INFO] Message added to buffer [ Mod: client-3 | Tag:  ] Content: '[null] >> #setMyName Klient2'
[11:28:03][TelnetClient][INFO] (client-1) Message send: This is new message
[11:28:03][MessageBuffer][INFO] Message added to buffer [ Mod: default | Tag:  ] Content: 'This is new message'
[11:28:03][MessageBuffer][INFO] Message added to buffer [ Mod: client-3 | Tag:  ] Content: '[null] >> This is new message'
[11:28:03][MessageBuffer][INFO] Message added to buffer [ Mod: client-2 | Tag:  ] Content: '[null] >> This is new message'
[11:28:03][WaitKw][INFO] Waiting: 1000 ms
[11:28:04][AssertEqualsKw][WARNING] Assertion failed. True was expected as the result. Condition: (Value of variable '[null] >> This is new message' must contains expected text '[NoveJmeno1] >> This is new message')
[11:28:04][TestSuiteKw][ERROR] Test suite 'Testování příkazu pro změnů jména' - Test case 'Test změny na neunikátní jméno' failed
[11:28:04][MessageBuffer][INFO] Message buffer cleared
[11:28:05][MessageBuffer][INFO] Message buffer cleared
[11:28:05][MessageBuffer][INFO] Message buffer cleared
[11:28:05][ExternalProgramRunner][INFO] (default) Termiting external application
[11:28:05][ProcessManager][INFO] PID (8616) removed from file
[11:28:05][TelnetClient][WARNING] (client-2) Connection closed
[11:28:05][TelnetClient][WARNING] (client-3) Connection closed
[11:28:05][TelnetClient][WARNING] (client-1) Connection closed
[11:28:05][TelnetClient][INFO] (client-1) Telnet client [client-1] terminated
[11:28:05][ProcessManager][INFO] PID (8616) removed from file
[11:28:05][TelnetClient][INFO] (client-2) Telnet client [client-2] terminated
[11:28:05][TelnetClient][INFO] (client-3) Telnet client [client-3] terminated
[11:28:05][NATTCore][INFO] Test executing finished
[11:28:05][NATTCore][INFO] Start generating test report
[11:28:05][ExternalProgramRunner][WARNING] (default) External application ends with error: 1
[11:28:05][ExternalProgramRunner][WARNING] (default) Error message from external application: DBG>Input handler starting for /127.0.0.1:57218
DBG>Input handler starting for /127.0.0.1:57217
DBG>Input handler starting for /127.0.0.1:57219
DBG>Output handler starting for /127.0.0.1:57219
DBG>Output handler starting for /127.0.0.1:57218
DBG>Output handler running for /127.0.0.1:57219
DBG>Output handler running for /127.0.0.1:57218
DBG>Output handler starting for /127.0.0.1:57217
DBG>Output handler running for /127.0.0.1:57217
DBG>Input handler running for /127.0.0.1:57218
DBG>Input handler running for /127.0.0.1:57219
DBG>Input handler running for /127.0.0.1:57217
DBG>Message sent to /127.0.0.1:57218:User Klient3 not found.

DBG>Message sent to /127.0.0.1:57217:Groups: MyGroup1

DBG>Message sent to /127.0.0.1:57217:Groups: MyGroup1

DBG>Message sent to /127.0.0.1:57218:[null] >> Hello world

DBG>Message sent to /127.0.0.1:57219:[null] >> Hello world

DBG>Message sent to /127.0.0.1:57217:Your name has been set to NoveJmeno1

DBG>Message sent to /127.0.0.1:57218:[null] >> #setMyName NoveJmeno1

DBG>Message sent to /127.0.0.1:57219:[null] >> #setMyName NoveJmeno1

DBG>Message sent to /127.0.0.1:57218:[null] >> This is new message

DBG>Message sent to /127.0.0.1:57219:[null] >> This is new message

DBG>Message sent to /127.0.0.1:57218:[null] >> Hello world

DBG>Message sent to /127.0.0.1:57219:[null] >> Hello world

DBG>Message sent to /127.0.0.1:57217:Your name has been set to Klient2

DBG>Message sent to /127.0.0.1:57218:[null] >> #setMyName Klient2

DBG>Message sent to /127.0.0.1:57219:[null] >> #setMyName Klient2

DBG>Message sent to /127.0.0.1:57218:[null] >> This is new message

DBG>Message sent to /127.0.0.1:57219:[null] >> This is new message


[11:28:05][TestReportGenerator][INFO] Report saved to file
[11:28:05][NATTCore][WARNING] Failed test cases: "Zaklaní test komunikace 1", "Zaklaní test komunikace 2", "Test odeslání soukromé zprávy", "Test komunikace v diskuzní místnosti", "Test změny jména", "Test změny na neunikátní jméno"
[11:28:05][NATTCore][INFO] Final score: 1,571429
[11:28:05][NATTCore][ERROR] Testing done. Leaving status: FAILED
