[12:41:55][PluginLoader][INFO] No plugins found.
[12:41:55][ProcessManager][INFO] Process PID 23572 has been terminated.
[12:41:55][ProcessManager][INFO] PID (23572) removed from file
[12:41:55][NATTCore][INFO] NATT CORE initialization done
Version: 1.7.0 
Configuration path: https://gitlab.com/ap5vs/test-config/im-server-config/-/raw/main/test-config-4.yaml?ref_type=heads
Configuration loading mode: FROM URL
[12:41:55][NATTCore][INFO] Working directory path: C:\Users\grajc\Documents\GitHub\IM-Server
[12:41:55][NATTCore][INFO] Start loading of the configuration file ...
[12:41:55][NetworkIO][INFO] Yaml data has been loaded from network location (https://gitlab.com/ap5vs/test-config/im-server-config/-/raw/main/test-config-4.yaml?ref_type=heads)
[12:41:55][NATTCore][INFO] Configuration loading done
[12:41:55][NATTCore][INFO] Start building test structure according to the configuration ...
[12:41:55][NATTCore][INFO] Test structure ...
[12:41:55][NATTCore][INFO] Test structure building done
[12:41:55][NATTCore][INFO] Start test executing ...
[12:41:56][TestReportGenerator][INFO] Extenet reports generated. Final report will be saved to file: test_report.html
[12:41:56][NATTCore][INFO] Starts execution on the root keyword  ...
[12:41:56][MessageBuffer][INFO] Message buffer created for module with name: default
[12:41:56][ExternalProgramRunner][INFO] (default) Run external app with command: java -jar app/build/libs/app.jar 9999 10
[12:41:56][ProcessManager][INFO] New PID (25944) added to file
[12:41:56][WaitKw][INFO] Waiting: 3000 ms
[12:41:56][MessageBuffer][INFO] Message added to buffer [ Mod: default | Tag:  ] Content: 'IM server listening on port 9999, maximum nr. of connections=10...'
[12:41:59][MessageBuffer][INFO] Message buffer created for module with name: client-1
[12:41:59][TelnetClient][INFO] (client-1) Telnet client connected to host with the address: 'localhost' on port '9999'
[12:41:59][MessageBuffer][INFO] Message buffer created for module with name: client-2
[12:41:59][TelnetClient][INFO] (client-2) Telnet client connected to host with the address: 'localhost' on port '9999'
[12:41:59][MessageBuffer][INFO] Message buffer created for module with name: client-3
[12:41:59][TelnetClient][INFO] (client-3) Telnet client connected to host with the address: 'localhost' on port '9999'
[12:41:59][WaitKw][INFO] Waiting: 2000 ms
[12:42:01][TelnetClient][INFO] (client-1) Message send: Klient1
[12:42:01][TelnetClient][INFO] (client-2) Message send: Klient2
[12:42:01][TelnetClient][INFO] (client-3) Message send: Klient3
[12:42:01][WaitKw][INFO] Waiting: 800 ms
[12:42:01][TestSuiteKw][INFO] Test case 'Zaklaní test komunikace 1' starts executing now
[12:42:01][TelnetClient][INFO] (client-1) Message send: Hello, world!
[12:42:01][WaitKw][INFO] Waiting: 1000 ms
[12:42:02][AssertEqualsKw][WARNING] Assertion failed. Variable 'client-2-last-msg' not found!
[12:42:02][AssertEqualsKw][WARNING] Assertion failed. Variable 'client-3-last-msg' not found!
[12:42:02][TestSuiteKw][ERROR] Test suite 'Testování běžné komunikace' - Test case 'Zaklaní test komunikace 1' failed
[12:42:03][MessageBuffer][INFO] Message buffer cleared
[12:42:03][TestSuiteKw][INFO] Test case 'Zaklaní test komunikace 2' starts executing now
[12:42:03][TelnetClient][INFO] (client-1) Message send: Testing 123
[12:42:03][TelnetClient][INFO] (client-2) Message send: 12345 - 67890
[12:42:03][TelnetClient][INFO] (client-3) Message send: This is a test message
[12:42:03][WaitKw][INFO] Waiting: 1000 ms
[12:42:04][NATTContext][INFO] Data has been stored in to the variable 'var-1'. Data value: 
[12:42:04][AssertEqualsKw][WARNING] Assertion failed. True was expected as the result. Condition: (Value of variable '' must equals expected text '[Klient2] >> 12345 - 67890')
[12:42:04][NATTContext][INFO] Data has been stored in to the variable 'var-1'. Data value: 
[12:42:04][AssertEqualsKw][WARNING] Assertion failed. True was expected as the result. Condition: (Value of variable '' must contains expected text '[Klient3] >> This is a test message')
[12:42:04][NATTContext][INFO] Data has been stored in to the variable 'var-1'. Data value: 
[12:42:04][AssertEqualsKw][WARNING] Assertion failed. True was expected as the result. Condition: (Value of variable '' must contains expected text '[Klient1] >> Testing 123')
[12:42:04][TestSuiteKw][ERROR] Test suite 'Testování běžné komunikace' - Test case 'Zaklaní test komunikace 2' failed
[12:42:04][MessageBuffer][INFO] Message buffer cleared
[12:42:05][TestSuiteKw][INFO] Test case 'Test odeslání soukromé zprávy' starts executing now
[12:42:05][TelnetClient][INFO] (client-2) Message send: #sendPrivate Klient3 This is a private message
[12:42:05][WaitKw][INFO] Waiting: 1000 ms
[12:42:05][MessageBuffer][INFO] Message added to buffer [ Mod: client-2 | Tag:  ] Content: 'User Klient3 not found.'
[12:42:06][NATTContext][INFO] Data has been stored in to the variable 'var-1'. Data value: 
[12:42:06][NATTContext][INFO] Data has been stored in to the variable 'var-2'. Data value: 
[12:42:06][AssertEqualsKw][WARNING] Assertion failed. True was expected as the result. Condition: (Value of variable '' must contains expected text '[Klient2] >> This is a private message')
[12:42:06][TestSuiteKw][ERROR] Test suite 'Testování běžné komunikace' - Test case 'Test odeslání soukromé zprávy' failed
[12:42:06][MessageBuffer][INFO] Message buffer cleared
[12:42:07][MessageBuffer][INFO] Message buffer cleared
[12:42:07][TestSuiteKw][INFO] Test case 'Test vstoupení do diskuzní místnosti' starts executing now
[12:42:07][TelnetClient][INFO] (client-1) Message send: #join MyGroup1
[12:42:07][TelnetClient][INFO] (client-2) Message send: #join MyGroup1
[12:42:07][WaitKw][INFO] Waiting: 1000 ms
[12:42:08][TelnetClient][INFO] (client-1) Message send: #groups
[12:42:08][WaitKw][INFO] Waiting: 1000 ms
[12:42:08][MessageBuffer][INFO] Message added to buffer [ Mod: client-1 | Tag:  ] Content: 'Groups: MyGroup1,public'
[12:42:09][TelnetClient][INFO] (client-1) Message send: #leave public
[12:42:09][TelnetClient][INFO] (client-2) Message send: #leave public
[12:42:09][WaitKw][INFO] Waiting: 1000 ms
[12:42:10][TelnetClient][INFO] (client-1) Message send: #groups
[12:42:10][MessageBuffer][INFO] Message added to buffer [ Mod: client-1 | Tag:  ] Content: 'Groups: MyGroup1'
[12:42:10][WaitKw][INFO] Waiting: 1000 ms
[12:42:11][TestSuiteKw][INFO] Test suite 'Testování diskuzních místností' - Test case 'Test vstoupení do diskuzní místnosti' passed
[12:42:11][MessageBuffer][INFO] Message buffer cleared
[12:42:11][TestSuiteKw][INFO] Test case 'Test komunikace v diskuzní místnosti' starts executing now
[12:42:11][TelnetClient][INFO] (client-1) Message send: This is private message
[12:42:11][WaitKw][INFO] Waiting: 1000 ms
[12:42:12][AssertEqualsKw][WARNING] Assertion failed. True was expected as the result. Condition: (Value of variable 'User Klient3 not found.' must contains expected text 'This is private message')
[12:42:12][AssertEqualsKw][WARNING] Assertion failed. Variable 'client-3-last-msg' not found!
[12:42:12][TelnetClient][INFO] (client-3) Message send: #join MyGroup1
[12:42:12][WaitKw][INFO] Waiting: 1000 ms
[12:42:13][TelnetClient][INFO] (client-1) Message send: This is private message
[12:42:13][WaitKw][INFO] Waiting: 1000 ms
[12:42:14][AssertEqualsKw][WARNING] Assertion failed. Variable 'client-3-last-msg' not found!
[12:42:14][TestSuiteKw][ERROR] Test suite 'Testování diskuzních místností' - Test case 'Test komunikace v diskuzní místnosti' failed
[12:42:15][MessageBuffer][INFO] Message buffer cleared
[12:42:15][MessageBuffer][INFO] Message buffer cleared
[12:42:15][TestSuiteKw][INFO] Test case 'Test změny jména' starts executing now
[12:42:15][TelnetClient][INFO] (client-1) Message send: #setMyName NoveJmeno1
[12:42:15][WaitKw][INFO] Waiting: 1000 ms
[12:42:15][MessageBuffer][INFO] Message added to buffer [ Mod: client-3 | Tag:  ] Content: '[NoveJmeno1] >> Hello, world!'
[12:42:15][MessageBuffer][INFO] Message added to buffer [ Mod: client-2 | Tag:  ] Content: '[NoveJmeno1] >> Hello, world!'
[12:42:16][TelnetClient][INFO] (client-1) Message send: This is new message
[12:42:16][MessageBuffer][INFO] Message added to buffer [ Mod: default | Tag:  ] Content: 'This is new message'
[12:42:16][MessageBuffer][INFO] Message added to buffer [ Mod: client-2 | Tag:  ] Content: '[NoveJmeno1] >> This is new message'
[12:42:16][WaitKw][INFO] Waiting: 1000 ms
[12:42:16][MessageBuffer][INFO] Message added to buffer [ Mod: client-3 | Tag:  ] Content: '[NoveJmeno1] >> This is new message'
[12:42:17][TestSuiteKw][INFO] Test suite 'Testování příkazu pro změnů jména' - Test case 'Test změny jména' passed
[12:42:17][MessageBuffer][INFO] Message buffer cleared
[12:42:18][TestSuiteKw][INFO] Test case 'Test změny na neunikátní jméno' starts executing now
[12:42:18][TelnetClient][INFO] (client-1) Message send: #setMyName Klient2
[12:42:18][MessageBuffer][INFO] Message added to buffer [ Mod: client-2 | Tag:  ] Content: '[Klient2] >> Hello, world!'
[12:42:18][MessageBuffer][INFO] Message added to buffer [ Mod: client-3 | Tag:  ] Content: '[Klient2] >> Hello, world!'
[12:42:18][WaitKw][INFO] Waiting: 1000 ms
[12:42:19][TelnetClient][INFO] (client-1) Message send: This is new message
[12:42:19][MessageBuffer][INFO] Message added to buffer [ Mod: default | Tag:  ] Content: 'This is new message'
[12:42:19][MessageBuffer][INFO] Message added to buffer [ Mod: client-2 | Tag:  ] Content: '[Klient2] >> This is new message'
[12:42:19][MessageBuffer][INFO] Message added to buffer [ Mod: client-3 | Tag:  ] Content: '[Klient2] >> This is new message'
[12:42:19][WaitKw][INFO] Waiting: 1000 ms
[12:42:20][AssertEqualsKw][WARNING] Assertion failed. True was expected as the result. Condition: (Value of variable '[Klient2] >> This is new message' must contains expected text '[NoveJmeno1] >> This is new message')
[12:42:20][TestSuiteKw][ERROR] Test suite 'Testování příkazu pro změnů jména' - Test case 'Test změny na neunikátní jméno' failed
[12:42:20][MessageBuffer][INFO] Message buffer cleared
[12:42:21][MessageBuffer][INFO] Message buffer cleared
[12:42:21][MessageBuffer][INFO] Message buffer cleared
[12:42:21][ExternalProgramRunner][INFO] (default) Termiting external application
[12:42:21][ProcessManager][INFO] PID (25944) removed from file
[12:42:21][TelnetClient][WARNING] (client-2) Connection closed
[12:42:21][TelnetClient][WARNING] (client-1) Connection closed
[12:42:21][TelnetClient][WARNING] (client-3) Connection closed
[12:42:21][TelnetClient][INFO] (client-1) Telnet client [client-1] terminated
[12:42:21][ProcessManager][INFO] PID (25944) removed from file
[12:42:21][TelnetClient][INFO] (client-2) Telnet client [client-2] terminated
[12:42:21][TelnetClient][INFO] (client-3) Telnet client [client-3] terminated
[12:42:21][NATTCore][INFO] Test executing finished
[12:42:21][NATTCore][INFO] Start generating test report
[12:42:21][ExternalProgramRunner][WARNING] (default) External application ends with error: 1
[12:42:21][ExternalProgramRunner][WARNING] (default) Error message from external application: DBG>Output handler starting for /127.0.0.1:58670
DBG>Output handler starting for /127.0.0.1:58669
DBG>Input handler starting for /127.0.0.1:58669
DBG>Input handler starting for /127.0.0.1:58670
DBG>Input handler starting for /127.0.0.1:58671
DBG>Output handler starting for /127.0.0.1:58671
DBG>Input handler running for /127.0.0.1:58669
DBG>Input handler running for /127.0.0.1:58670
DBG>Output handler running for /127.0.0.1:58671
DBG>Output handler running for /127.0.0.1:58670
DBG>Input handler running for /127.0.0.1:58671
DBG>Output handler running for /127.0.0.1:58669
DBG>Message sent to /127.0.0.1:58670:User Klient3 not found.

DBG>Message sent to /127.0.0.1:58669:Groups: MyGroup1,public

DBG>Message sent to /127.0.0.1:58669:Groups: MyGroup1

DBG>Message sent to /127.0.0.1:58670:[NoveJmeno1] >> Hello, world!

DBG>Message sent to /127.0.0.1:58671:[NoveJmeno1] >> Hello, world!

DBG>Message sent to /127.0.0.1:58671:[NoveJmeno1] >> This is new message

DBG>Message sent to /127.0.0.1:58670:[NoveJmeno1] >> This is new message

DBG>Message sent to /127.0.0.1:58670:[Klient2] >> Hello, world!

DBG>Message sent to /127.0.0.1:58671:[Klient2] >> Hello, world!

DBG>Message sent to /127.0.0.1:58670:[Klient2] >> This is new message

DBG>Message sent to /127.0.0.1:58671:[Klient2] >> This is new message


[12:42:21][TestReportGenerator][INFO] Report saved to file
[12:42:21][NATTCore][WARNING] Failed test cases: "Zaklaní test komunikace 1", "Zaklaní test komunikace 2", "Test odeslání soukromé zprávy", "Test komunikace v diskuzní místnosti", "Test změny na neunikátní jméno"
[12:42:21][NATTCore][INFO] Final score: 3,142857
[12:42:21][NATTCore][ERROR] Testing done. Leaving status: FAILED
